10.9663 	WARNING 	Font Manager failed to load file /System/Library/PrivateFrameworks/FontServices.framework/Resources/Reserved/PingFangUI.ttc
13.6049 	INFO 	Loaded monitor calibration from ['2022_04_19 09:31']
13.7545 	EXP 	Created window1 = Window(allowGUI=False, allowStencil=True, autoLog=True, backendConf=UNKNOWN, backgroundFit=<method-wrapper '__getattribute__' of attributeSetter object at 0x1802ec220>, backgroundImage=<method-wrapper '__getattribute__' of attributeSetter object at 0x1802effd0>, bitsMode=UNKNOWN, blendMode='avg', bpc=(8, 8, 8), color=array([0, 0, 0]), colorSpace='rgb', depthBits=8, fullscr=True, gamma=None, gammaErrorPolicy='raise', infoMsg=UNKNOWN, lms=UNKNOWN, monitor=<psychopy.monitors.calibTools.Monitor object at 0x1803c7940>, multiSample=False, name='window1', numSamples=2, pos=[0.0, 0.0], screen=0, size=array([3840, 2160]), stencilBits=8, stereo=False, title='PsychoPy', units='height', useFBO=True, useRetina=True, viewOri=0.0, viewPos=None, viewScale=None, waitBlanking=True, winType='pyglet')
13.7545 	EXP 	window1: backgroundImage = ''
13.7545 	EXP 	window1: backgroundFit = 'none'
13.7908 	EXP 	window1: Attempting to measure frame rate of screen (0) ...
13.7908 	EXP 	window1: recordFrameIntervals = False
13.9241 	EXP 	window1: recordFrameIntervals = True
14.7812 	WARNING 	Couldn't measure a consistent frame rate!
  - Is your graphics card set to sync to vertical blank?
  - Are you running other processes on your computer?

17.0357 	INFO 	keyboard.Keyboard is using iohub backend.
17.0358 	INFO 	keyboard.Keyboard is using iohub backend.
17.0358 	INFO 	keyboard.Keyboard is using iohub backend.
17.0358 	INFO 	keyboard.Keyboard is using iohub backend.
17.0358 	INFO 	keyboard.Keyboard is using iohub backend.
17.0358 	INFO 	keyboard.Keyboard is using iohub backend.
17.0358 	INFO 	keyboard.Keyboard is using iohub backend.
17.0358 	INFO 	keyboard.Keyboard is using iohub backend.
17.0359 	INFO 	keyboard.Keyboard is using iohub backend.
17.0359 	INFO 	keyboard.Keyboard is using iohub backend.
17.0359 	INFO 	keyboard.Keyboard is using iohub backend.
17.0359 	EXP 	TIST: status = STARTED
17.1059 	EXP 	Created image_welcome = ImageStim(__class__=<class 'psychopy.visual.image.ImageStim'>, anchor=('center', 'center'), autoLog=True, color=array([1., 1., 1.]), colorSpace='rgb', contrast=1.0, depth=0.0, draggable=False, flipHoriz=False, flipVert=False, image='stimuli/welcome.png', interpolate=True, mask=None, maskParams=None, name='image_welcome', opacity=1, ori=0.0, pos=array([0., 0.]), size=array([1.1  , 0.825]), texRes=128.0, units='height', win=Window(...))
17.1209 	EXP 	Created text_refresh = TextStim(__class__=<class 'psychopy.visual.text.TextStim'>, alignHoriz=method-wrapper(...), alignText='center', alignVert=method-wrapper(...), anchorHoriz='center', anchorVert='center', antialias=True, autoDraw=False, autoLog=True, bold=False, color=array([1., 1., 1.]), colorSpace='rgb', contrast=1.0, depth=0.0, draggable=False, flipHoriz=False, flipVert=False, font='Arial', fontFiles=[], height=0.05, italic=False, languageStyle='LTR', name='text_refresh', opacity=1, ori=0.0, pos=array([0., 0.]), rgb=UNKNOWN, text='', units='height', win=Window(...), wrapWidth=1)
17.1619 	EXP 	Created image_practice_instruct = ImageStim(__class__=<class 'psychopy.visual.image.ImageStim'>, anchor=('center', 'center'), autoLog=True, color=array([1., 1., 1.]), colorSpace='rgb', contrast=1.0, depth=0.0, draggable=False, flipHoriz=False, flipVert=False, image='stimuli/practice_instruct.png', interpolate=True, mask=None, maskParams=None, name='image_practice_instruct', opacity=1, ori=0.0, pos=array([0., 0.]), size=array([1.1  , 0.825]), texRes=128.0, units='height', win=Window(...))
17.1625 	EXP 	Created text_refresh = TextStim(__class__=<class 'psychopy.visual.text.TextStim'>, alignHoriz=method-wrapper(...), alignText='center', alignVert=method-wrapper(...), anchorHoriz='center', anchorVert='center', antialias=True, autoDraw=False, autoLog=True, bold=False, color=array([1., 1., 1.]), colorSpace='rgb', contrast=1.0, depth=0.0, draggable=False, flipHoriz=False, flipVert=False, font='Arial', fontFiles=[], height=0.05, italic=False, languageStyle='LTR', name='text_refresh', opacity=1, ori=0.0, pos=array([0., 0.]), rgb=UNKNOWN, text='', units='height', win=Window(...), wrapWidth=1)
17.1721 	EXP 	Created text_fixation = TextStim(__class__=<class 'psychopy.visual.text.TextStim'>, alignHoriz=method-wrapper(...), alignText='center', alignVert=method-wrapper(...), anchorHoriz='center', anchorVert='center', antialias=True, autoDraw=False, autoLog=True, bold=False, color=array([1., 1., 1.]), colorSpace='rgb', contrast=1.0, depth=0.0, draggable=False, flipHoriz=False, flipVert=False, font='Noto Sans SC', fontFiles=[], height=0.2, italic=False, languageStyle='LTR', name='text_fixation', opacity=1, ori=0.0, pos=array([0., 0.]), rgb=UNKNOWN, text='+', units='height', win=Window(...), wrapWidth=1)
17.1754 	EXP 	Created image_block_practice = ImageStim(__class__=<class 'psychopy.visual.image.ImageStim'>, anchor=('center', 'center'), autoLog=True, color=array([1., 1., 1.]), colorSpace='rgb', contrast=1.0, depth=0.0, draggable=False, flipHoriz=False, flipVert=False, image='default.png', interpolate=True, mask=None, maskParams=None, name='image_block_practice', opacity=1, ori=0.0, pos=array([0., 0.]), size=array([0.36   , 0.41535]), texRes=128.0, units='height', win=Window(...))
17.1760 	EXP 	Created text_refresh = TextStim(__class__=<class 'psychopy.visual.text.TextStim'>, alignHoriz=method-wrapper(...), alignText='center', alignVert=method-wrapper(...), anchorHoriz='center', anchorVert='center', antialias=True, autoDraw=False, autoLog=True, bold=False, color=array([1., 1., 1.]), colorSpace='rgb', contrast=1.0, depth=0.0, draggable=False, flipHoriz=False, flipVert=False, font='Arial', fontFiles=[], height=0.05, italic=False, languageStyle='LTR', name='text_refresh', opacity=1, ori=0.0, pos=array([0., 0.]), rgb=UNKNOWN, text='', units='height', win=Window(...), wrapWidth=1)
17.1894 	EXP 	Created text_answer_block_practice = TextStim(__class__=<class 'psychopy.visual.text.TextStim'>, alignHoriz=method-wrapper(...), alignText='center', alignVert=method-wrapper(...), anchorHoriz='center', anchorVert='center', antialias=True, autoDraw=False, autoLog=True, bold=False, color=array([1., 1., 1.]), colorSpace='rgb', contrast=1.0, depth=0.0, draggable=False, flipHoriz=False, flipVert=False, font='Noto Sans SC', fontFiles=[], height=0.05, italic=False, languageStyle='LTR', name='text_answer_block_practice', opacity=1, ori=0.0, pos=array([0. , 0.3]), rgb=UNKNOWN, text='请按如下顺序输入答案（数字中间无间隔或任何字符）：\n\n快乐-平静-悲伤', units='height', win=Window(...), wrapWidth=1)
17.1979 	EXP 	Created button_text_block_practice = TextStim(__class__=<class 'psychopy.visual.text.TextStim'>, alignHoriz=method-wrapper(...), alignText='center', alignVert=method-wrapper(...), anchorHoriz='center', anchorVert='center', antialias=True, autoDraw=False, autoLog=True, bold=False, color=array([1., 1., 1.]), colorSpace='rgb', contrast=1.0, depth=-2.0, draggable=False, flipHoriz=False, flipVert=False, font='Noto Sans SC', fontFiles=[], height=0.05, italic=False, languageStyle='LTR', name='button_text_block_practice', opacity=1, ori=0.0, pos=array([ 0.  , -0.35]), rgb=UNKNOWN, text='点击这里继续', units='height', win=Window(...), wrapWidth=1)
17.1984 	EXP 	Created text_refresh = TextStim(__class__=<class 'psychopy.visual.text.TextStim'>, alignHoriz=method-wrapper(...), alignText='center', alignVert=method-wrapper(...), anchorHoriz='center', anchorVert='center', antialias=True, autoDraw=False, autoLog=True, bold=False, color=array([1., 1., 1.]), colorSpace='rgb', contrast=1.0, depth=0.0, draggable=False, flipHoriz=False, flipVert=False, font='Arial', fontFiles=[], height=0.05, italic=False, languageStyle='LTR', name='text_refresh', opacity=1, ori=0.0, pos=array([0., 0.]), rgb=UNKNOWN, text='', units='height', win=Window(...), wrapWidth=1)
17.1987 	EXP 	Created text_feedback_block_practice = TextStim(__class__=<class 'psychopy.visual.text.TextStim'>, alignHoriz=method-wrapper(...), alignText='center', alignVert=method-wrapper(...), anchorHoriz='center', anchorVert='center', antialias=True, autoDraw=False, autoLog=True, bold=False, color=array([1., 1., 1.]), colorSpace='rgb', contrast=1.0, depth=0.0, draggable=False, flipHoriz=False, flipVert=False, font='Noto Sans SC', fontFiles=[], height=0.05, italic=False, languageStyle='LTR', name='text_feedback_block_practice', opacity=1, ori=0.0, pos=array([0., 0.]), rgb=UNKNOWN, text='', units='height', win=Window(...), wrapWidth=1)
17.2008 	EXP 	Created text_feedback_note_practice = TextStim(__class__=<class 'psychopy.visual.text.TextStim'>, alignHoriz=method-wrapper(...), alignText='center', alignVert=method-wrapper(...), anchorHoriz='center', anchorVert='center', antialias=True, autoDraw=False, autoLog=True, bold=False, color=array([1., 1., 1.]), colorSpace='rgb', contrast=1.0, depth=-1.0, draggable=False, flipHoriz=False, flipVert=False, font='Noto Sans SC', fontFiles=[], height=0.05, italic=False, languageStyle='LTR', name='text_feedback_note_practice', opacity=1, ori=0.0, pos=array([ 0.  , -0.25]), rgb=UNKNOWN, text='请按空格键继续', units='height', win=Window(...), wrapWidth=1)
17.2013 	EXP 	Created text_refresh = TextStim(__class__=<class 'psychopy.visual.text.TextStim'>, alignHoriz=method-wrapper(...), alignText='center', alignVert=method-wrapper(...), anchorHoriz='center', anchorVert='center', antialias=True, autoDraw=False, autoLog=True, bold=False, color=array([1., 1., 1.]), colorSpace='rgb', contrast=1.0, depth=0.0, draggable=False, flipHoriz=False, flipVert=False, font='Arial', fontFiles=[], height=0.05, italic=False, languageStyle='LTR', name='text_refresh', opacity=1, ori=0.0, pos=array([0., 0.]), rgb=UNKNOWN, text='', units='height', win=Window(...), wrapWidth=1)
17.2444 	EXP 	Created image_continue_check = ImageStim(__class__=<class 'psychopy.visual.image.ImageStim'>, anchor=('center', 'center'), autoLog=True, color=array([1., 1., 1.]), colorSpace='rgb', contrast=1.0, depth=0.0, draggable=False, flipHoriz=False, flipVert=False, image='stimuli/continue_check.png', interpolate=True, mask=None, maskParams=None, name='image_continue_check', opacity=1, ori=0.0, pos=array([0., 0.]), size=array([1.1  , 0.825]), texRes=128.0, units='height', win=Window(...))
17.2450 	EXP 	Created text_refresh = TextStim(__class__=<class 'psychopy.visual.text.TextStim'>, alignHoriz=method-wrapper(...), alignText='center', alignVert=method-wrapper(...), anchorHoriz='center', anchorVert='center', antialias=True, autoDraw=False, autoLog=True, bold=False, color=array([1., 1., 1.]), colorSpace='rgb', contrast=1.0, depth=0.0, draggable=False, flipHoriz=False, flipVert=False, font='Arial', fontFiles=[], height=0.05, italic=False, languageStyle='LTR', name='text_refresh', opacity=1, ori=0.0, pos=array([0., 0.]), rgb=UNKNOWN, text='', units='height', win=Window(...), wrapWidth=1)
17.2859 	EXP 	Created image_primary_welcome = ImageStim(__class__=<class 'psychopy.visual.image.ImageStim'>, anchor=('center', 'center'), autoLog=True, color=array([1., 1., 1.]), colorSpace='rgb', contrast=1.0, depth=0.0, draggable=False, flipHoriz=False, flipVert=False, image='stimuli/welcome_primary.png', interpolate=True, mask=None, maskParams=None, name='image_primary_welcome', opacity=1, ori=0.0, pos=array([0., 0.]), size=array([1.1  , 0.825]), texRes=128.0, units='height', win=Window(...))
17.2865 	EXP 	Created text_refresh = TextStim(__class__=<class 'psychopy.visual.text.TextStim'>, alignHoriz=method-wrapper(...), alignText='center', alignVert=method-wrapper(...), anchorHoriz='center', anchorVert='center', antialias=True, autoDraw=False, autoLog=True, bold=False, color=array([1., 1., 1.]), colorSpace='rgb', contrast=1.0, depth=0.0, draggable=False, flipHoriz=False, flipVert=False, font='Arial', fontFiles=[], height=0.05, italic=False, languageStyle='LTR', name='text_refresh', opacity=1, ori=0.0, pos=array([0., 0.]), rgb=UNKNOWN, text='', units='height', win=Window(...), wrapWidth=1)
17.2874 	EXP 	Created text_fixation = TextStim(__class__=<class 'psychopy.visual.text.TextStim'>, alignHoriz=method-wrapper(...), alignText='center', alignVert=method-wrapper(...), anchorHoriz='center', anchorVert='center', antialias=True, autoDraw=False, autoLog=True, bold=False, color=array([1., 1., 1.]), colorSpace='rgb', contrast=1.0, depth=0.0, draggable=False, flipHoriz=False, flipVert=False, font='Noto Sans SC', fontFiles=[], height=0.2, italic=False, languageStyle='LTR', name='text_fixation', opacity=1, ori=0.0, pos=array([0., 0.]), rgb=UNKNOWN, text='+', units='height', win=Window(...), wrapWidth=1)
17.2899 	EXP 	Created image_block = ImageStim(__class__=<class 'psychopy.visual.image.ImageStim'>, anchor=('center', 'center'), autoLog=True, color=array([1., 1., 1.]), colorSpace='rgb', contrast=1.0, depth=0.0, draggable=False, flipHoriz=False, flipVert=False, image='default.png', interpolate=True, mask=None, maskParams=None, name='image_block', opacity=1, ori=0.0, pos=array([0., 0.]), size=array([0.36   , 0.41535]), texRes=128.0, units='height', win=Window(...))
17.2904 	EXP 	Created text_refresh = TextStim(__class__=<class 'psychopy.visual.text.TextStim'>, alignHoriz=method-wrapper(...), alignText='center', alignVert=method-wrapper(...), anchorHoriz='center', anchorVert='center', antialias=True, autoDraw=False, autoLog=True, bold=False, color=array([1., 1., 1.]), colorSpace='rgb', contrast=1.0, depth=0.0, draggable=False, flipHoriz=False, flipVert=False, font='Arial', fontFiles=[], height=0.05, italic=False, languageStyle='LTR', name='text_refresh', opacity=1, ori=0.0, pos=array([0., 0.]), rgb=UNKNOWN, text='', units='height', win=Window(...), wrapWidth=1)
17.2919 	EXP 	Created text_answer_block = TextStim(__class__=<class 'psychopy.visual.text.TextStim'>, alignHoriz=method-wrapper(...), alignText='center', alignVert=method-wrapper(...), anchorHoriz='center', anchorVert='center', antialias=True, autoDraw=False, autoLog=True, bold=False, color=array([1., 1., 1.]), colorSpace='rgb', contrast=1.0, depth=0.0, draggable=False, flipHoriz=False, flipVert=False, font='Noto Sans SC', fontFiles=[], height=0.05, italic=False, languageStyle='LTR', name='text_answer_block', opacity=1, ori=0.0, pos=array([0. , 0.3]), rgb=UNKNOWN, text='请按如下顺序输入答案（数字中间无间隔或任何字符）：\n\n快乐-平静-悲伤', units='height', win=Window(...), wrapWidth=1)
17.2978 	EXP 	Created button_answer_block = TextStim(__class__=<class 'psychopy.visual.text.TextStim'>, alignHoriz=method-wrapper(...), alignText='center', alignVert=method-wrapper(...), anchorHoriz='center', anchorVert='center', antialias=True, autoDraw=False, autoLog=True, bold=False, color=array([1., 1., 1.]), colorSpace='rgb', contrast=1.0, depth=-2.0, draggable=False, flipHoriz=False, flipVert=False, font='Noto Sans SC', fontFiles=[], height=0.05, italic=False, languageStyle='LTR', name='button_answer_block', opacity=1, ori=0.0, pos=array([ 0.  , -0.35]), rgb=UNKNOWN, text='点击这里继续', units='height', win=Window(...), wrapWidth=1)
17.2983 	EXP 	Created text_refresh = TextStim(__class__=<class 'psychopy.visual.text.TextStim'>, alignHoriz=method-wrapper(...), alignText='center', alignVert=method-wrapper(...), anchorHoriz='center', anchorVert='center', antialias=True, autoDraw=False, autoLog=True, bold=False, color=array([1., 1., 1.]), colorSpace='rgb', contrast=1.0, depth=0.0, draggable=False, flipHoriz=False, flipVert=False, font='Arial', fontFiles=[], height=0.05, italic=False, languageStyle='LTR', name='text_refresh', opacity=1, ori=0.0, pos=array([0., 0.]), rgb=UNKNOWN, text='', units='height', win=Window(...), wrapWidth=1)
17.2986 	EXP 	Created text_feedback_block = TextStim(__class__=<class 'psychopy.visual.text.TextStim'>, alignHoriz=method-wrapper(...), alignText='center', alignVert=method-wrapper(...), anchorHoriz='center', anchorVert='center', antialias=True, autoDraw=False, autoLog=True, bold=False, color=array([1., 1., 1.]), colorSpace='rgb', contrast=1.0, depth=0.0, draggable=False, flipHoriz=False, flipVert=False, font='Noto Sans SC', fontFiles=[], height=0.05, italic=False, languageStyle='LTR', name='text_feedback_block', opacity=1, ori=0.0, pos=array([0., 0.]), rgb=UNKNOWN, text='', units='height', win=Window(...), wrapWidth=1)
17.2996 	EXP 	Created text_feedback_block_note = TextStim(__class__=<class 'psychopy.visual.text.TextStim'>, alignHoriz=method-wrapper(...), alignText='center', alignVert=method-wrapper(...), anchorHoriz='center', anchorVert='center', antialias=True, autoDraw=False, autoLog=True, bold=False, color=array([1., 1., 1.]), colorSpace='rgb', contrast=1.0, depth=-1.0, draggable=False, flipHoriz=False, flipVert=False, font='Noto Sans SC', fontFiles=[], height=0.05, italic=False, languageStyle='LTR', name='text_feedback_block_note', opacity=1, ori=0.0, pos=array([ 0.  , -0.25]), rgb=UNKNOWN, text='请按空格键继续', units='height', win=Window(...), wrapWidth=1)
17.3000 	EXP 	Created text_refresh = TextStim(__class__=<class 'psychopy.visual.text.TextStim'>, alignHoriz=method-wrapper(...), alignText='center', alignVert=method-wrapper(...), anchorHoriz='center', anchorVert='center', antialias=True, autoDraw=False, autoLog=True, bold=False, color=array([1., 1., 1.]), colorSpace='rgb', contrast=1.0, depth=0.0, draggable=False, flipHoriz=False, flipVert=False, font='Arial', fontFiles=[], height=0.05, italic=False, languageStyle='LTR', name='text_refresh', opacity=1, ori=0.0, pos=array([0., 0.]), rgb=UNKNOWN, text='', units='height', win=Window(...), wrapWidth=1)
17.3005 	EXP 	Created text_continue_check_block = TextStim(__class__=<class 'psychopy.visual.text.TextStim'>, alignHoriz=method-wrapper(...), alignText='center', alignVert=method-wrapper(...), anchorHoriz='center', anchorVert='center', antialias=True, autoDraw=False, autoLog=True, bold=False, color=array([1., 1., 1.]), colorSpace='rgb', contrast=1.0, depth=0.0, draggable=False, flipHoriz=False, flipVert=False, font='Noto Sans SC', fontFiles=[], height=0.05, italic=False, languageStyle='LTR', name='text_continue_check_block', opacity=1, ori=0.0, pos=array([0., 0.]), rgb=UNKNOWN, text='', units='height', win=Window(...), wrapWidth=1)
17.3037 	EXP 	Created text_continue_prompt = TextStim(__class__=<class 'psychopy.visual.text.TextStim'>, alignHoriz=method-wrapper(...), alignText='center', alignVert=method-wrapper(...), anchorHoriz='center', anchorVert='center', antialias=True, autoDraw=False, autoLog=True, bold=False, color=array([1., 1., 1.]), colorSpace='rgb', contrast=1.0, depth=-2.0, draggable=False, flipHoriz=False, flipVert=False, font='Noto Sans SC', fontFiles=[], height=0.05, italic=False, languageStyle='LTR', name='text_continue_prompt', opacity=1, ori=0.0, pos=array([ 0.  , -0.25]), rgb=UNKNOWN, text='请按空格键继续。', units='height', win=Window(...), wrapWidth=1)
17.3042 	EXP 	Created text_refresh = TextStim(__class__=<class 'psychopy.visual.text.TextStim'>, alignHoriz=method-wrapper(...), alignText='center', alignVert=method-wrapper(...), anchorHoriz='center', anchorVert='center', antialias=True, autoDraw=False, autoLog=True, bold=False, color=array([1., 1., 1.]), colorSpace='rgb', contrast=1.0, depth=0.0, draggable=False, flipHoriz=False, flipVert=False, font='Arial', fontFiles=[], height=0.05, italic=False, languageStyle='LTR', name='text_refresh', opacity=1, ori=0.0, pos=array([0., 0.]), rgb=UNKNOWN, text='', units='height', win=Window(...), wrapWidth=1)
17.3092 	EXP 	Created text_goodbye = TextStim(__class__=<class 'psychopy.visual.text.TextStim'>, alignHoriz=method-wrapper(...), alignText='center', alignVert=method-wrapper(...), anchorHoriz='center', anchorVert='center', antialias=True, autoDraw=False, autoLog=True, bold=False, color=array([1., 1., 1.]), colorSpace='rgb', contrast=1.0, depth=0.0, draggable=False, flipHoriz=False, flipVert=False, font='Noto Sans SC', fontFiles=[], height=0.05, italic=False, languageStyle='LTR', name='text_goodbye', opacity=1, ori=0.0, pos=array([0., 0.]), rgb=UNKNOWN, text='测试结束。\n\n感谢您参与本测试，祝生活愉快！', units='height', win=Window(...), wrapWidth=1)
0.0103 	EXP 	textbox_answer_block_practice: autoLog = True
0.0103 	EXP 	textbox_answer_block: autoLog = True
0.0154 	INFO 	Keyboard events cleared
0.0152 	EXP 	image_welcome: autoDraw = True
0.7666 	DATA 	Keypress: space
0.7735 	WARNING 	t of last frame was 56.98ms (=1/17)
2.5540 	DATA 	Keypress: space
2.5587 	EXP 	image_welcome: autoDraw = False
2.5587 	EXP 	text_refresh: autoDraw = True
2.7593 	INFO 	Keyboard events cleared
2.7590 	EXP 	text_refresh: autoDraw = False
2.7590 	EXP 	image_practice_instruct: autoDraw = True
3.4560 	EXP 	image_practice_instruct: autoDraw = False
3.4560 	EXP 	text_refresh: autoDraw = True
3.4591 	DATA 	Keypress: space
3.6585 	EXP 	Imported loop_block_practice.xlsx as conditions, 1 conditions, 2 params
3.6600 	EXP 	New trial (rep=0, index=0): <Trial 0 (0 in rep 0) data={'block_practice_file': 'block_practice_1.xlsx', 'correct_answer': 688, 'thisN': 0, 'thisTrialN': 0, 'thisRepN': 0}>
3.6748 	WARNING 	t of last frame was 24.84ms (=1/40)
3.6748 	EXP 	text_refresh: autoDraw = False
3.6748 	EXP 	text_refresh: autoDraw = False
3.6748 	EXP 	text_fixation: autoDraw = True
4.2108 	DATA 	Keypress: space
4.6699 	EXP 	Imported block_practice_1.xlsx as conditions, 22 conditions, 10 params
4.6704 	EXP 	New trial (rep=0, index=0): <Trial 0 (0 in rep 0) data={'stimuli_no': 1, 'stimulus': 'faces/HAM1.bmp', 'valence': 'happy', 'sex': 'male', 'switch_condition': 'begin', 'BI_condition': 'nonBI', 'minus1_valence': 'non', 'minus2_valence': 'non', 'switch_type': 'begin', 'BI_type': 'non', 'thisN': 0, 'thisTrialN': 0, 'thisRepN': 0}>
4.6809 	INFO 	Keyboard events cleared
4.6807 	WARNING 	t of last frame was 25.02ms (=1/39)
4.6807 	EXP 	text_fixation: autoDraw = False
4.6807 	EXP 	image_block_practice: image = 'faces/HAM1.bmp'
4.6807 	EXP 	image_block_practice: autoDraw = True
5.0772 	DATA 	Keypress: space
5.0821 	EXP 	image_block_practice: autoDraw = False
5.0821 	EXP 	text_refresh: autoDraw = True
5.2678 	EXP 	New trial (rep=0, index=1): <Trial 1 (1 in rep 0) data={'stimuli_no': 2, 'stimulus': 'faces/NEF6.bmp', 'valence': 'neutral', 'sex': 'female', 'switch_condition': 's', 'BI_condition': 'nonBI', 'minus1_valence': 'happy', 'minus2_valence': 'non', 'switch_type': 'hn', 'BI_type': 'hns1', 'thisN': 1, 'thisTrialN': 1, 'thisRepN': 0}>
5.2772 	INFO 	Keyboard events cleared
5.2770 	EXP 	text_refresh: autoDraw = False
5.2770 	EXP 	text_refresh: autoDraw = False
5.2770 	EXP 	image_block_practice: image = 'faces/NEF6.bmp'
5.2770 	EXP 	image_block_practice: autoDraw = True
5.5729 	DATA 	Keypress: space
5.5773 	EXP 	image_block_practice: autoDraw = False
5.5773 	EXP 	text_refresh: autoDraw = True
5.7684 	EXP 	New trial (rep=0, index=2): <Trial 2 (2 in rep 0) data={'stimuli_no': 3, 'stimulus': 'faces/SAF2.bmp', 'valence': 'sad', 'sex': 'female', 'switch_condition': 's', 'BI_condition': 'control', 'minus1_valence': 'neutral', 'minus2_valence': 'happy', 'switch_type': 'ns', 'BI_type': 'hns', 'thisN': 2, 'thisTrialN': 2, 'thisRepN': 0}>
5.7776 	INFO 	Keyboard events cleared
5.7774 	EXP 	text_refresh: autoDraw = False
5.7774 	EXP 	text_refresh: autoDraw = False
5.7774 	EXP 	image_block_practice: image = 'faces/SAF2.bmp'
5.7774 	EXP 	image_block_practice: autoDraw = True
6.0559 	DATA 	Keypress: space
6.0604 	EXP 	image_block_practice: autoDraw = False
6.0604 	EXP 	text_refresh: autoDraw = True
6.2507 	EXP 	New trial (rep=0, index=3): <Trial 3 (3 in rep 0) data={'stimuli_no': 4, 'stimulus': 'faces/SAF3.bmp', 'valence': 'sad', 'sex': 'female', 'switch_condition': 'ns', 'BI_condition': 'nonBI', 'minus1_valence': 'sad', 'minus2_valence': 'neutral', 'switch_type': 'ss', 'BI_type': 'non', 'thisN': 3, 'thisTrialN': 3, 'thisRepN': 0}>
6.2594 	INFO 	Keyboard events cleared
6.2591 	EXP 	text_refresh: autoDraw = False
6.2591 	EXP 	text_refresh: autoDraw = False
6.2591 	EXP 	image_block_practice: image = 'faces/SAF3.bmp'
6.2591 	EXP 	image_block_practice: autoDraw = True
6.4891 	DATA 	Keypress: space
6.4934 	EXP 	image_block_practice: autoDraw = False
6.4934 	EXP 	text_refresh: autoDraw = True
6.6852 	EXP 	New trial (rep=0, index=4): <Trial 4 (4 in rep 0) data={'stimuli_no': 5, 'stimulus': 'faces/SAM1.bmp', 'valence': 'sad', 'sex': 'male', 'switch_condition': 'ns', 'BI_condition': 'nonBI', 'minus1_valence': 'sad', 'minus2_valence': 'sad', 'switch_type': 'ss', 'BI_type': 'non', 'thisN': 4, 'thisTrialN': 4, 'thisRepN': 0}>
6.6942 	INFO 	Keyboard events cleared
6.6940 	EXP 	text_refresh: autoDraw = False
6.6940 	EXP 	text_refresh: autoDraw = False
6.6940 	EXP 	image_block_practice: image = 'faces/SAM1.bmp'
6.6940 	EXP 	image_block_practice: autoDraw = True
6.9391 	DATA 	Keypress: space
6.9437 	EXP 	image_block_practice: autoDraw = False
6.9437 	EXP 	text_refresh: autoDraw = True
7.1342 	EXP 	New trial (rep=0, index=5): <Trial 5 (5 in rep 0) data={'stimuli_no': 6, 'stimulus': 'faces/NEF9.bmp', 'valence': 'neutral', 'sex': 'female', 'switch_condition': 's', 'BI_condition': 'nonBI', 'minus1_valence': 'sad', 'minus2_valence': 'sad', 'switch_type': 'sn', 'BI_type': 'sns1', 'thisN': 5, 'thisTrialN': 5, 'thisRepN': 0}>
7.1429 	INFO 	Keyboard events cleared
7.1427 	EXP 	text_refresh: autoDraw = False
7.1427 	EXP 	text_refresh: autoDraw = False
7.1427 	EXP 	image_block_practice: image = 'faces/NEF9.bmp'
7.1427 	EXP 	image_block_practice: autoDraw = True
7.3722 	DATA 	Keypress: space
7.3770 	EXP 	image_block_practice: autoDraw = False
7.3770 	EXP 	text_refresh: autoDraw = True
7.5685 	EXP 	New trial (rep=0, index=6): <Trial 6 (6 in rep 0) data={'stimuli_no': 7, 'stimulus': 'faces/SAM6.bmp', 'valence': 'sad', 'sex': 'male', 'switch_condition': 's', 'BI_condition': 'BI', 'minus1_valence': 'neutral', 'minus2_valence': 'sad', 'switch_type': 'ns', 'BI_type': 'sns', 'thisN': 6, 'thisTrialN': 6, 'thisRepN': 0}>
7.5951 	INFO 	Keyboard events cleared
7.5949 	WARNING 	t of last frame was 27.75ms (=1/36)
7.5949 	EXP 	text_refresh: autoDraw = False
7.5949 	EXP 	text_refresh: autoDraw = False
7.5949 	EXP 	image_block_practice: image = 'faces/SAM6.bmp'
7.5949 	EXP 	image_block_practice: autoDraw = True
7.8071 	DATA 	Keypress: space
7.8115 	EXP 	image_block_practice: autoDraw = False
7.8115 	EXP 	text_refresh: autoDraw = True
8.0015 	EXP 	New trial (rep=0, index=7): <Trial 7 (7 in rep 0) data={'stimuli_no': 8, 'stimulus': 'faces/SAF3.bmp', 'valence': 'sad', 'sex': 'female', 'switch_condition': 'ns', 'BI_condition': 'nonBI', 'minus1_valence': 'sad', 'minus2_valence': 'neutral', 'switch_type': 'ss', 'BI_type': 'non', 'thisN': 7, 'thisTrialN': 7, 'thisRepN': 0}>
8.0092 	INFO 	Keyboard events cleared
8.0090 	EXP 	text_refresh: autoDraw = False
8.0090 	EXP 	text_refresh: autoDraw = False
8.0090 	EXP 	image_block_practice: image = 'faces/SAF3.bmp'
8.0090 	EXP 	image_block_practice: autoDraw = True
8.2453 	DATA 	Keypress: space
8.2668 	WARNING 	Multiple dropped frames have occurred - I'll stop bothering you about them!
8.2667 	EXP 	image_block_practice: autoDraw = False
8.2667 	EXP 	text_refresh: autoDraw = True
8.4510 	EXP 	New trial (rep=0, index=8): <Trial 8 (8 in rep 0) data={'stimuli_no': 9, 'stimulus': 'faces/NEM4.bmp', 'valence': 'neutral', 'sex': 'male', 'switch_condition': 's', 'BI_condition': 'nonBI', 'minus1_valence': 'sad', 'minus2_valence': 'sad', 'switch_type': 'sn', 'BI_type': 'snh1', 'thisN': 8, 'thisTrialN': 8, 'thisRepN': 0}>
8.4607 	INFO 	Keyboard events cleared
8.4605 	EXP 	text_refresh: autoDraw = False
8.4605 	EXP 	image_block_practice: image = 'faces/NEM4.bmp'
8.4605 	EXP 	image_block_practice: autoDraw = True
8.6241 	DATA 	Keypress: space
8.6290 	EXP 	image_block_practice: autoDraw = False
8.6290 	EXP 	text_refresh: autoDraw = True
8.8182 	EXP 	New trial (rep=0, index=9): <Trial 9 (9 in rep 0) data={'stimuli_no': 10, 'stimulus': 'faces/HAF59.bmp', 'valence': 'happy', 'sex': 'female', 'switch_condition': 's', 'BI_condition': 'control', 'minus1_valence': 'neutral', 'minus2_valence': 'sad', 'switch_type': 'nh', 'BI_type': 'snh', 'thisN': 9, 'thisTrialN': 9, 'thisRepN': 0}>
8.8273 	INFO 	Keyboard events cleared
8.8270 	EXP 	text_refresh: autoDraw = False
8.8270 	EXP 	text_refresh: autoDraw = False
8.8270 	EXP 	image_block_practice: image = 'faces/HAF59.bmp'
8.8270 	EXP 	image_block_practice: autoDraw = True
9.0387 	DATA 	Keypress: space
9.0432 	EXP 	image_block_practice: autoDraw = False
9.0432 	EXP 	text_refresh: autoDraw = True
9.2346 	EXP 	New trial (rep=0, index=10): <Trial 10 (10 in rep 0) data={'stimuli_no': 11, 'stimulus': 'faces/HAF107.bmp', 'valence': 'happy', 'sex': 'female', 'switch_condition': 'ns', 'BI_condition': 'nonBI', 'minus1_valence': 'happy', 'minus2_valence': 'neutral', 'switch_type': 'hh', 'BI_type': 'non', 'thisN': 10, 'thisTrialN': 10, 'thisRepN': 0}>
9.2528 	INFO 	Keyboard events cleared
9.2526 	EXP 	text_refresh: autoDraw = False
9.2526 	EXP 	text_refresh: autoDraw = False
9.2526 	EXP 	image_block_practice: image = 'faces/HAF107.bmp'
9.2526 	EXP 	image_block_practice: autoDraw = True
9.5054 	DATA 	Keypress: space
9.5101 	EXP 	image_block_practice: autoDraw = False
9.5101 	EXP 	text_refresh: autoDraw = True
9.7017 	EXP 	New trial (rep=0, index=11): <Trial 11 (11 in rep 0) data={'stimuli_no': 12, 'stimulus': 'faces/HAM9.bmp', 'valence': 'happy', 'sex': 'male', 'switch_condition': 'ns', 'BI_condition': 'nonBI', 'minus1_valence': 'happy', 'minus2_valence': 'happy', 'switch_type': 'hh', 'BI_type': 'non', 'thisN': 11, 'thisTrialN': 11, 'thisRepN': 0}>
9.7111 	INFO 	Keyboard events cleared
9.7109 	EXP 	text_refresh: autoDraw = False
9.7109 	EXP 	text_refresh: autoDraw = False
9.7109 	EXP 	image_block_practice: image = 'faces/HAM9.bmp'
9.7109 	EXP 	image_block_practice: autoDraw = True
9.8950 	DATA 	Keypress: space
9.9001 	EXP 	image_block_practice: autoDraw = False
9.9001 	EXP 	text_refresh: autoDraw = True
10.0851 	EXP 	New trial (rep=0, index=12): <Trial 12 (12 in rep 0) data={'stimuli_no': 13, 'stimulus': 'faces/NEM5.bmp', 'valence': 'neutral', 'sex': 'male', 'switch_condition': 's', 'BI_condition': 'nonBI', 'minus1_valence': 'happy', 'minus2_valence': 'happy', 'switch_type': 'hn', 'BI_type': 'hnh1', 'thisN': 12, 'thisTrialN': 12, 'thisRepN': 0}>
10.0940 	INFO 	Keyboard events cleared
10.0938 	EXP 	text_refresh: autoDraw = False
10.0938 	EXP 	text_refresh: autoDraw = False
10.0938 	EXP 	image_block_practice: image = 'faces/NEM5.bmp'
10.0938 	EXP 	image_block_practice: autoDraw = True
10.2942 	DATA 	Keypress: space
10.2991 	EXP 	image_block_practice: autoDraw = False
10.2991 	EXP 	text_refresh: autoDraw = True
10.4850 	EXP 	New trial (rep=0, index=13): <Trial 13 (13 in rep 0) data={'stimuli_no': 14, 'stimulus': 'faces/HAM38.bmp', 'valence': 'happy', 'sex': 'male', 'switch_condition': 's', 'BI_condition': 'BI', 'minus1_valence': 'neutral', 'minus2_valence': 'happy', 'switch_type': 'nh', 'BI_type': 'hnh', 'thisN': 13, 'thisTrialN': 13, 'thisRepN': 0}>
10.4949 	INFO 	Keyboard events cleared
10.4946 	EXP 	text_refresh: autoDraw = False
10.4946 	EXP 	text_refresh: autoDraw = False
10.4946 	EXP 	image_block_practice: image = 'faces/HAM38.bmp'
10.4946 	EXP 	image_block_practice: autoDraw = True
10.8233 	DATA 	Keypress: space
10.8281 	EXP 	image_block_practice: autoDraw = False
10.8281 	EXP 	text_refresh: autoDraw = True
11.0190 	EXP 	New trial (rep=0, index=14): <Trial 14 (14 in rep 0) data={'stimuli_no': 15, 'stimulus': 'faces/HAF110.bmp', 'valence': 'happy', 'sex': 'female', 'switch_condition': 'ns', 'BI_condition': 'nonBI', 'minus1_valence': 'happy', 'minus2_valence': 'neutral', 'switch_type': 'hh', 'BI_type': 'non', 'thisN': 14, 'thisTrialN': 14, 'thisRepN': 0}>
11.0373 	INFO 	Keyboard events cleared
11.0371 	EXP 	text_refresh: autoDraw = False
11.0371 	EXP 	text_refresh: autoDraw = False
11.0371 	EXP 	image_block_practice: image = 'faces/HAF110.bmp'
11.0371 	EXP 	image_block_practice: autoDraw = True
11.3621 	DATA 	Keypress: space
11.3673 	EXP 	image_block_practice: autoDraw = False
11.3673 	EXP 	text_refresh: autoDraw = True
11.5527 	EXP 	New trial (rep=0, index=15): <Trial 15 (15 in rep 0) data={'stimuli_no': 16, 'stimulus': 'faces/SAM7.bmp', 'valence': 'sad', 'sex': 'male', 'switch_condition': 's', 'BI_condition': 'nonBI', 'minus1_valence': 'happy', 'minus2_valence': 'happy', 'switch_type': 'hs', 'BI_type': 'hsn1', 'thisN': 15, 'thisTrialN': 15, 'thisRepN': 0}>
11.5621 	INFO 	Keyboard events cleared
11.5619 	EXP 	text_refresh: autoDraw = False
11.5619 	EXP 	text_refresh: autoDraw = False
11.5619 	EXP 	image_block_practice: image = 'faces/SAM7.bmp'
11.5619 	EXP 	image_block_practice: autoDraw = True
11.8744 	DATA 	Keypress: space
11.8791 	EXP 	image_block_practice: autoDraw = False
11.8791 	EXP 	text_refresh: autoDraw = True
12.0681 	EXP 	New trial (rep=0, index=16): <Trial 16 (16 in rep 0) data={'stimuli_no': 17, 'stimulus': 'faces/NEF35.bmp', 'valence': 'neutral', 'sex': 'female', 'switch_condition': 's', 'BI_condition': 'control', 'minus1_valence': 'sad', 'minus2_valence': 'happy', 'switch_type': 'sn', 'BI_type': 'hsn', 'thisN': 16, 'thisTrialN': 16, 'thisRepN': 0}>
12.0752 	INFO 	Keyboard events cleared
12.0749 	EXP 	text_refresh: autoDraw = False
12.0749 	EXP 	text_refresh: autoDraw = False
12.0749 	EXP 	image_block_practice: image = 'faces/NEF35.bmp'
12.0749 	EXP 	image_block_practice: autoDraw = True
12.3911 	DATA 	Keypress: space
12.3955 	EXP 	image_block_practice: autoDraw = False
12.3955 	EXP 	text_refresh: autoDraw = True
12.5858 	EXP 	New trial (rep=0, index=17): <Trial 17 (17 in rep 0) data={'stimuli_no': 18, 'stimulus': 'faces/NEM6.bmp', 'valence': 'neutral', 'sex': 'male', 'switch_condition': 'ns', 'BI_condition': 'nonBI', 'minus1_valence': 'neutral', 'minus2_valence': 'sad', 'switch_type': 'nn', 'BI_type': 'non', 'thisN': 17, 'thisTrialN': 17, 'thisRepN': 0}>
12.5941 	INFO 	Keyboard events cleared
12.5939 	EXP 	text_refresh: autoDraw = False
12.5939 	EXP 	text_refresh: autoDraw = False
12.5939 	EXP 	image_block_practice: image = 'faces/NEM6.bmp'
12.5939 	EXP 	image_block_practice: autoDraw = True
12.8382 	DATA 	Keypress: space
12.8429 	EXP 	image_block_practice: autoDraw = False
12.8429 	EXP 	text_refresh: autoDraw = True
13.0362 	EXP 	New trial (rep=0, index=18): <Trial 18 (18 in rep 0) data={'stimuli_no': 19, 'stimulus': 'faces/SAF20.bmp', 'valence': 'sad', 'sex': 'female', 'switch_condition': 's', 'BI_condition': 'nonBI', 'minus1_valence': 'neutral', 'minus2_valence': 'neutral', 'switch_type': 'ns', 'BI_type': 'nsn1', 'thisN': 18, 'thisTrialN': 18, 'thisRepN': 0}>
13.0550 	INFO 	Keyboard events cleared
13.0547 	EXP 	text_refresh: autoDraw = False
13.0547 	EXP 	text_refresh: autoDraw = False
13.0547 	EXP 	image_block_practice: image = 'faces/SAF20.bmp'
13.0547 	EXP 	image_block_practice: autoDraw = True
13.3891 	DATA 	Keypress: space
13.3937 	EXP 	image_block_practice: autoDraw = False
13.3937 	EXP 	text_refresh: autoDraw = True
13.5855 	EXP 	New trial (rep=0, index=19): <Trial 19 (19 in rep 0) data={'stimuli_no': 20, 'stimulus': 'faces/NEM15.bmp', 'valence': 'neutral', 'sex': 'male', 'switch_condition': 's', 'BI_condition': 'BI', 'minus1_valence': 'sad', 'minus2_valence': 'neutral', 'switch_type': 'sn', 'BI_type': 'nsn', 'thisN': 19, 'thisTrialN': 19, 'thisRepN': 0}>
13.5944 	INFO 	Keyboard events cleared
13.5942 	EXP 	text_refresh: autoDraw = False
13.5942 	EXP 	text_refresh: autoDraw = False
13.5942 	EXP 	image_block_practice: image = 'faces/NEM15.bmp'
13.5942 	EXP 	image_block_practice: autoDraw = True
13.9449 	DATA 	Keypress: space
13.9495 	EXP 	image_block_practice: autoDraw = False
13.9495 	EXP 	text_refresh: autoDraw = True
14.1349 	EXP 	New trial (rep=0, index=20): <Trial 20 (20 in rep 0) data={'stimuli_no': 21, 'stimulus': 'faces/NEM59.bmp', 'valence': 'neutral', 'sex': 'male', 'switch_condition': 'ns', 'BI_condition': 'nonBI', 'minus1_valence': 'neutral', 'minus2_valence': 'sad', 'switch_type': 'nn', 'BI_type': 'non', 'thisN': 20, 'thisTrialN': 20, 'thisRepN': 0}>
14.1432 	INFO 	Keyboard events cleared
14.1429 	EXP 	text_refresh: autoDraw = False
14.1429 	EXP 	text_refresh: autoDraw = False
14.1429 	EXP 	image_block_practice: image = 'faces/NEM59.bmp'
14.1429 	EXP 	image_block_practice: autoDraw = True
14.4554 	DATA 	Keypress: space
14.4597 	EXP 	image_block_practice: autoDraw = False
14.4597 	EXP 	text_refresh: autoDraw = True
14.6522 	EXP 	New trial (rep=0, index=21): <Trial 21 (21 in rep 0) data={'stimuli_no': 22, 'stimulus': 'faces/SAF32.bmp', 'valence': 'sad', 'sex': 'female', 'switch_condition': 's', 'BI_condition': 'nonBI', 'minus1_valence': 'neutral', 'minus2_valence': 'neutral', 'switch_type': 'ns', 'BI_type': 'non', 'thisN': 21, 'thisTrialN': 21, 'thisRepN': 0}>
14.6689 	INFO 	Keyboard events cleared
14.6686 	EXP 	text_refresh: autoDraw = False
14.6686 	EXP 	text_refresh: autoDraw = False
14.6686 	EXP 	image_block_practice: image = 'faces/SAF32.bmp'
14.6686 	EXP 	image_block_practice: autoDraw = True
15.0067 	DATA 	Keypress: space
15.0111 	EXP 	image_block_practice: autoDraw = False
15.0111 	EXP 	text_refresh: autoDraw = True
15.2300 	EXP 	text_refresh: autoDraw = False
15.2300 	EXP 	text_refresh: autoDraw = False
15.2300 	EXP 	text_answer_block_practice: autoDraw = True
15.2300 	EXP 	textbox_answer_block_practice: autoDraw = True
15.2300 	EXP 	button_text_block_practice: autoDraw = True
16.6178 	DATA 	Keypress: 7
16.8104 	DATA 	Keypress: 8
17.3744 	DATA 	Keypress: backspace
17.7044 	DATA 	Keypress: backspace
17.9511 	DATA 	Keypress: s
17.9950 	DATA 	Keypress: a
18.0734 	DATA 	Keypress: d
18.2607 	DATA 	Keypress: s
18.3046 	DATA 	Keypress: a
18.3852 	DATA 	Keypress: d
18.4850 	DATA 	Keypress: a
18.5438 	DATA 	Keypress: s
18.7177 	DATA 	Keypress: f
18.8579 	DATA 	Keypress: a
18.8782 	DATA 	Keypress: b
19.3131 	DATA 	Keypress: w
19.3292 	DATA 	Keypress: k
19.5083 	DATA 	Keypress: a
19.5241 	DATA 	Keypress: b
19.5789 	DATA 	Keypress: k
19.7772 	DATA 	Keypress: j
19.8368 	DATA 	Keypress: s
20.1118 	DATA 	Keypress: 1
20.1564 	DATA 	Keypress: 2
20.3350 	DATA 	Keypress: 3
20.4532 	DATA 	Keypress: 1
20.4845 	DATA 	Keypress: 2
20.6403 	DATA 	Keypress: 4
21.0377 	DATA 	Keypress: backspace
22.7742 	DATA 	Keypress: 1
22.8937 	DATA 	Keypress: 2
23.0911 	DATA 	Keypress: 3
24.6699 	DATA 	Keypress: backspace
24.9051 	DATA 	Keypress: backspace
25.0858 	DATA 	Keypress: backspace
27.3235 	DATA 	Keypress: 2
27.4677 	DATA 	Keypress: 3
27.8587 	DATA 	Keypress: 4
28.4032 	DATA 	Keypress: space
29.4355 	DATA 	Mouse: Left button down, pos=(954,167)
29.4427 	EXP 	text_answer_block_practice: autoDraw = False
29.4427 	EXP 	textbox_answer_block_practice: autoDraw = False
29.4427 	EXP 	button_text_block_practice: autoDraw = False
29.4427 	EXP 	text_refresh: autoDraw = True
29.5060 	DATA 	Mouse:  Left button up, pos=(954,167)
29.6575 	INFO 	Keyboard events cleared
29.6572 	EXP 	text_refresh: autoDraw = False
29.6572 	EXP 	text_refresh: autoDraw = False
29.6572 	EXP 	text_feedback_block_practice: height = 0.05
29.6572 	EXP 	text_feedback_block_practice: height = 0.05
29.6572 	EXP 	text_feedback_block_practice: height = 0.05
29.6572 	EXP 	text_feedback_block_practice: text = '你答对了0种表情的面孔数目。'
29.6572 	EXP 	text_feedback_block_practice: autoDraw = True
29.6572 	EXP 	text_feedback_note_practice: autoDraw = True
30.8613 	DATA 	Keypress: space
30.8670 	EXP 	text_feedback_block_practice: autoDraw = False
30.8670 	EXP 	text_feedback_note_practice: autoDraw = False
30.8670 	EXP 	text_refresh: autoDraw = True
31.0609 	INFO 	Keyboard events cleared
31.0606 	EXP 	text_refresh: autoDraw = False
31.0606 	EXP 	text_refresh: autoDraw = False
31.0606 	EXP 	image_continue_check: autoDraw = True
33.4467 	DATA 	Keypress: space
33.4516 	EXP 	image_continue_check: autoDraw = False
33.4516 	EXP 	text_refresh: autoDraw = True
33.6446 	INFO 	Keyboard events cleared
33.6443 	EXP 	text_refresh: autoDraw = False
33.6443 	EXP 	text_refresh: autoDraw = False
33.6443 	EXP 	image_primary_welcome: autoDraw = True
34.6130 	DATA 	Keypress: space
34.6175 	EXP 	image_primary_welcome: autoDraw = False
34.6175 	EXP 	text_refresh: autoDraw = True
34.8121 	EXP 	Imported loop_block.xlsx as conditions, 25 conditions, 2 params
34.8127 	EXP 	New trial (rep=0, index=0): <Trial 0 (0 in rep 0) data={'block_file': 'block_1.xlsx', 'correct_answer': 685, 'thisN': 0, 'thisTrialN': 0, 'thisRepN': 0}>
34.8171 	EXP 	text_refresh: autoDraw = False
34.8171 	EXP 	text_refresh: autoDraw = False
34.8171 	EXP 	text_fixation: autoDraw = True
35.8165 	EXP 	Imported block_1.xlsx as conditions, 19 conditions, 10 params
35.8169 	EXP 	New trial (rep=0, index=0): <Trial 0 (0 in rep 0) data={'stimuli_no': 1, 'stimulus': 'faces/SAF20.bmp', 'valence': 'sad', 'sex': 'female', 'switch_condition': 'begin', 'BI_condition': 'nonBI', 'minus1_valence': 'non', 'minus2_valence': 'non', 'switch_type': 'begin', 'BI_type': 'non', 'thisN': 0, 'thisTrialN': 0, 'thisRepN': 0}>
35.8360 	INFO 	Keyboard events cleared
35.8358 	EXP 	text_fixation: autoDraw = False
35.8358 	EXP 	text_fixation: autoDraw = False
35.8358 	EXP 	image_block: image = 'faces/SAF20.bmp'
35.8358 	EXP 	image_block: autoDraw = True
36.2080 	DATA 	Keypress: space
36.2125 	EXP 	image_block: autoDraw = False
36.2125 	EXP 	text_refresh: autoDraw = True
36.4036 	EXP 	New trial (rep=0, index=1): <Trial 1 (1 in rep 0) data={'stimuli_no': 2, 'stimulus': 'faces/NEF15.bmp', 'valence': 'neutral', 'sex': 'female', 'switch_condition': 's', 'BI_condition': 'nonBI', 'minus1_valence': 'sad', 'minus2_valence': 'non', 'switch_type': 'sn', 'BI_type': 'snh1', 'thisN': 1, 'thisTrialN': 1, 'thisRepN': 0}>
36.4129 	INFO 	Keyboard events cleared
36.4127 	EXP 	text_refresh: autoDraw = False
36.4127 	EXP 	text_refresh: autoDraw = False
36.4127 	EXP 	image_block: image = 'faces/NEF15.bmp'
36.4127 	EXP 	image_block: autoDraw = True
36.6581 	DATA 	Keypress: space
36.6623 	EXP 	image_block: autoDraw = False
36.6623 	EXP 	text_refresh: autoDraw = True
36.8536 	EXP 	New trial (rep=0, index=2): <Trial 2 (2 in rep 0) data={'stimuli_no': 3, 'stimulus': 'faces/HAF118.bmp', 'valence': 'happy', 'sex': 'female', 'switch_condition': 's', 'BI_condition': 'control', 'minus1_valence': 'neutral', 'minus2_valence': 'sad', 'switch_type': 'nh', 'BI_type': 'snh', 'thisN': 2, 'thisTrialN': 2, 'thisRepN': 0}>
36.8713 	INFO 	Keyboard events cleared
36.8710 	EXP 	text_refresh: autoDraw = False
36.8710 	EXP 	text_refresh: autoDraw = False
36.8710 	EXP 	image_block: image = 'faces/HAF118.bmp'
36.8710 	EXP 	image_block: autoDraw = True
36.9567 	DATA 	Keypress: space
36.9612 	EXP 	image_block: autoDraw = False
36.9612 	EXP 	text_refresh: autoDraw = True
37.1542 	EXP 	New trial (rep=0, index=3): <Trial 3 (3 in rep 0) data={'stimuli_no': 4, 'stimulus': 'faces/HAM1.bmp', 'valence': 'happy', 'sex': 'male', 'switch_condition': 'ns', 'BI_condition': 'nonBI', 'minus1_valence': 'happy', 'minus2_valence': 'neutral', 'switch_type': 'hh', 'BI_type': 'non', 'thisN': 3, 'thisTrialN': 3, 'thisRepN': 0}>
37.1623 	INFO 	Keyboard events cleared
37.1621 	EXP 	text_refresh: autoDraw = False
37.1621 	EXP 	text_refresh: autoDraw = False
37.1621 	EXP 	image_block: image = 'faces/HAM1.bmp'
37.1621 	EXP 	image_block: autoDraw = True
37.3128 	DATA 	Keypress: space
37.3176 	EXP 	image_block: autoDraw = False
37.3176 	EXP 	text_refresh: autoDraw = True
37.5037 	EXP 	New trial (rep=0, index=4): <Trial 4 (4 in rep 0) data={'stimuli_no': 5, 'stimulus': 'faces/NEM11.bmp', 'valence': 'neutral', 'sex': 'male', 'switch_condition': 's', 'BI_condition': 'nonBI', 'minus1_valence': 'happy', 'minus2_valence': 'happy', 'switch_type': 'hn', 'BI_type': 'hnh1', 'thisN': 4, 'thisTrialN': 4, 'thisRepN': 0}>
37.5125 	INFO 	Keyboard events cleared
37.5123 	EXP 	text_refresh: autoDraw = False
37.5123 	EXP 	text_refresh: autoDraw = False
37.5123 	EXP 	image_block: image = 'faces/NEM11.bmp'
37.5123 	EXP 	image_block: autoDraw = True
37.7059 	DATA 	Keypress: space
37.7104 	EXP 	image_block: autoDraw = False
37.7104 	EXP 	text_refresh: autoDraw = True
37.9037 	EXP 	New trial (rep=0, index=5): <Trial 5 (5 in rep 0) data={'stimuli_no': 6, 'stimulus': 'faces/HAM2.bmp', 'valence': 'happy', 'sex': 'male', 'switch_condition': 's', 'BI_condition': 'BI', 'minus1_valence': 'neutral', 'minus2_valence': 'happy', 'switch_type': 'nh', 'BI_type': 'hnh', 'thisN': 5, 'thisTrialN': 5, 'thisRepN': 0}>
37.9123 	INFO 	Keyboard events cleared
37.9121 	EXP 	text_refresh: autoDraw = False
37.9121 	EXP 	text_refresh: autoDraw = False
37.9121 	EXP 	image_block: image = 'faces/HAM2.bmp'
37.9121 	EXP 	image_block: autoDraw = True
38.2748 	DATA 	Keypress: space
38.2795 	EXP 	image_block: autoDraw = False
38.2795 	EXP 	text_refresh: autoDraw = True
38.4704 	EXP 	New trial (rep=0, index=6): <Trial 6 (6 in rep 0) data={'stimuli_no': 7, 'stimulus': 'faces/HAF122.bmp', 'valence': 'happy', 'sex': 'female', 'switch_condition': 'ns', 'BI_condition': 'nonBI', 'minus1_valence': 'happy', 'minus2_valence': 'neutral', 'switch_type': 'hh', 'BI_type': 'non', 'thisN': 6, 'thisTrialN': 6, 'thisRepN': 0}>
38.4876 	INFO 	Keyboard events cleared
38.4873 	EXP 	text_refresh: autoDraw = False
38.4873 	EXP 	text_refresh: autoDraw = False
38.4873 	EXP 	image_block: image = 'faces/HAF122.bmp'
38.4873 	EXP 	image_block: autoDraw = True
38.6069 	DATA 	Keypress: space
38.6114 	EXP 	image_block: autoDraw = False
38.6114 	EXP 	text_refresh: autoDraw = True
38.8039 	EXP 	New trial (rep=0, index=7): <Trial 7 (7 in rep 0) data={'stimuli_no': 8, 'stimulus': 'faces/SAM10.bmp', 'valence': 'sad', 'sex': 'male', 'switch_condition': 's', 'BI_condition': 'nonBI', 'minus1_valence': 'happy', 'minus2_valence': 'happy', 'switch_type': 'hs', 'BI_type': 'hsn1', 'thisN': 7, 'thisTrialN': 7, 'thisRepN': 0}>
38.8132 	INFO 	Keyboard events cleared
38.8130 	EXP 	text_refresh: autoDraw = False
38.8130 	EXP 	text_refresh: autoDraw = False
38.8130 	EXP 	image_block: image = 'faces/SAM10.bmp'
38.8130 	EXP 	image_block: autoDraw = True
38.9615 	DATA 	Keypress: space
38.9681 	EXP 	image_block: autoDraw = False
38.9681 	EXP 	text_refresh: autoDraw = True
39.1538 	EXP 	New trial (rep=0, index=8): <Trial 8 (8 in rep 0) data={'stimuli_no': 9, 'stimulus': 'faces/NEM14.bmp', 'valence': 'neutral', 'sex': 'male', 'switch_condition': 's', 'BI_condition': 'control', 'minus1_valence': 'sad', 'minus2_valence': 'happy', 'switch_type': 'sn', 'BI_type': 'hsn', 'thisN': 8, 'thisTrialN': 8, 'thisRepN': 0}>
39.1624 	INFO 	Keyboard events cleared
39.1621 	EXP 	text_refresh: autoDraw = False
39.1621 	EXP 	text_refresh: autoDraw = False
39.1621 	EXP 	image_block: image = 'faces/NEM14.bmp'
39.1621 	EXP 	image_block: autoDraw = True
39.2912 	EXP 	image_block: autoDraw = False
39.2912 	EXP 	text_refresh: autoDraw = True
39.2939 	DATA 	Keypress: space
39.4756 	EXP 	New trial (rep=0, index=9): <Trial 9 (9 in rep 0) data={'stimuli_no': 10, 'stimulus': 'faces/NEF35.bmp', 'valence': 'neutral', 'sex': 'female', 'switch_condition': 'ns', 'BI_condition': 'nonBI', 'minus1_valence': 'neutral', 'minus2_valence': 'sad', 'switch_type': 'nn', 'BI_type': 'non', 'thisN': 9, 'thisTrialN': 9, 'thisRepN': 0}>
39.4852 	INFO 	Keyboard events cleared
39.4849 	EXP 	text_refresh: autoDraw = False
39.4849 	EXP 	text_refresh: autoDraw = False
39.4849 	EXP 	image_block: image = 'faces/NEF35.bmp'
39.4849 	EXP 	image_block: autoDraw = True
39.6594 	DATA 	Keypress: space
39.6638 	EXP 	image_block: autoDraw = False
39.6638 	EXP 	text_refresh: autoDraw = True
39.8541 	EXP 	New trial (rep=0, index=10): <Trial 10 (10 in rep 0) data={'stimuli_no': 11, 'stimulus': 'faces/HAF1.bmp', 'valence': 'happy', 'sex': 'female', 'switch_condition': 's', 'BI_condition': 'nonBI', 'minus1_valence': 'neutral', 'minus2_valence': 'neutral', 'switch_type': 'nh', 'BI_type': 'nhn1', 'thisN': 10, 'thisTrialN': 10, 'thisRepN': 0}>
39.8630 	INFO 	Keyboard events cleared
39.8627 	EXP 	text_refresh: autoDraw = False
39.8627 	EXP 	text_refresh: autoDraw = False
39.8627 	EXP 	image_block: image = 'faces/HAF1.bmp'
39.8627 	EXP 	image_block: autoDraw = True
39.9565 	DATA 	Keypress: space
39.9611 	EXP 	image_block: autoDraw = False
39.9611 	EXP 	text_refresh: autoDraw = True
40.1536 	EXP 	New trial (rep=0, index=11): <Trial 11 (11 in rep 0) data={'stimuli_no': 12, 'stimulus': 'faces/NEF45.bmp', 'valence': 'neutral', 'sex': 'female', 'switch_condition': 's', 'BI_condition': 'BI', 'minus1_valence': 'happy', 'minus2_valence': 'neutral', 'switch_type': 'hn', 'BI_type': 'nhn', 'thisN': 11, 'thisTrialN': 11, 'thisRepN': 0}>
40.1627 	INFO 	Keyboard events cleared
40.1624 	EXP 	text_refresh: autoDraw = False
40.1624 	EXP 	text_refresh: autoDraw = False
40.1624 	EXP 	image_block: image = 'faces/NEF45.bmp'
40.1624 	EXP 	image_block: autoDraw = True
40.5585 	DATA 	Keypress: space
40.5628 	EXP 	image_block: autoDraw = False
40.5628 	EXP 	text_refresh: autoDraw = True
40.7543 	EXP 	New trial (rep=0, index=12): <Trial 12 (12 in rep 0) data={'stimuli_no': 13, 'stimulus': 'faces/NEM15.bmp', 'valence': 'neutral', 'sex': 'male', 'switch_condition': 'ns', 'BI_condition': 'nonBI', 'minus1_valence': 'neutral', 'minus2_valence': 'happy', 'switch_type': 'nn', 'BI_type': 'non', 'thisN': 12, 'thisTrialN': 12, 'thisRepN': 0}>
40.7624 	INFO 	Keyboard events cleared
40.7622 	EXP 	text_refresh: autoDraw = False
40.7622 	EXP 	text_refresh: autoDraw = False
40.7622 	EXP 	image_block: image = 'faces/NEM15.bmp'
40.7622 	EXP 	image_block: autoDraw = True
40.8578 	DATA 	Keypress: space
40.8624 	EXP 	image_block: autoDraw = False
40.8624 	EXP 	text_refresh: autoDraw = True
41.0541 	EXP 	New trial (rep=0, index=13): <Trial 13 (13 in rep 0) data={'stimuli_no': 14, 'stimulus': 'faces/SAM29.bmp', 'valence': 'sad', 'sex': 'male', 'switch_condition': 's', 'BI_condition': 'nonBI', 'minus1_valence': 'neutral', 'minus2_valence': 'neutral', 'switch_type': 'ns', 'BI_type': 'nsn1', 'thisN': 13, 'thisTrialN': 13, 'thisRepN': 0}>
41.0718 	INFO 	Keyboard events cleared
41.0716 	EXP 	text_refresh: autoDraw = False
41.0716 	EXP 	text_refresh: autoDraw = False
41.0716 	EXP 	image_block: image = 'faces/SAM29.bmp'
41.0716 	EXP 	image_block: autoDraw = True
41.1735 	DATA 	Keypress: space
41.1779 	EXP 	image_block: autoDraw = False
41.1779 	EXP 	text_refresh: autoDraw = True
41.3713 	EXP 	New trial (rep=0, index=14): <Trial 14 (14 in rep 0) data={'stimuli_no': 15, 'stimulus': 'faces/NEF60.bmp', 'valence': 'neutral', 'sex': 'female', 'switch_condition': 's', 'BI_condition': 'BI', 'minus1_valence': 'sad', 'minus2_valence': 'neutral', 'switch_type': 'sn', 'BI_type': 'nsn', 'thisN': 14, 'thisTrialN': 14, 'thisRepN': 0}>
41.3802 	INFO 	Keyboard events cleared
41.3800 	EXP 	text_refresh: autoDraw = False
41.3800 	EXP 	text_refresh: autoDraw = False
41.3800 	EXP 	image_block: image = 'faces/NEF60.bmp'
41.3800 	EXP 	image_block: autoDraw = True
41.4794 	DATA 	Keypress: space
41.4840 	EXP 	image_block: autoDraw = False
41.4840 	EXP 	text_refresh: autoDraw = True
41.6704 	EXP 	New trial (rep=0, index=15): <Trial 15 (15 in rep 0) data={'stimuli_no': 16, 'stimulus': 'faces/SAF31.bmp', 'valence': 'sad', 'sex': 'female', 'switch_condition': 's', 'BI_condition': 'nonBI', 'minus1_valence': 'neutral', 'minus2_valence': 'sad', 'switch_type': 'ns', 'BI_type': 'non', 'thisN': 15, 'thisTrialN': 15, 'thisRepN': 0}>
41.6818 	INFO 	Keyboard events cleared
41.6815 	EXP 	text_refresh: autoDraw = False
41.6815 	EXP 	text_refresh: autoDraw = False
41.6815 	EXP 	image_block: image = 'faces/SAF31.bmp'
41.6815 	EXP 	image_block: autoDraw = True
41.8418 	DATA 	Keypress: space
41.8461 	EXP 	image_block: autoDraw = False
41.8461 	EXP 	text_refresh: autoDraw = True
42.0372 	EXP 	New trial (rep=0, index=16): <Trial 16 (16 in rep 0) data={'stimuli_no': 17, 'stimulus': 'faces/SAF32.bmp', 'valence': 'sad', 'sex': 'female', 'switch_condition': 'ns', 'BI_condition': 'nonBI', 'minus1_valence': 'sad', 'minus2_valence': 'neutral', 'switch_type': 'ss', 'BI_type': 'non', 'thisN': 16, 'thisTrialN': 16, 'thisRepN': 0}>
42.0458 	INFO 	Keyboard events cleared
42.0456 	EXP 	text_refresh: autoDraw = False
42.0456 	EXP 	text_refresh: autoDraw = False
42.0456 	EXP 	image_block: image = 'faces/SAF32.bmp'
42.0456 	EXP 	image_block: autoDraw = True
42.2086 	DATA 	Keypress: space
42.2130 	EXP 	image_block: autoDraw = False
42.2130 	EXP 	text_refresh: autoDraw = True
42.4040 	EXP 	New trial (rep=0, index=17): <Trial 17 (17 in rep 0) data={'stimuli_no': 18, 'stimulus': 'faces/HAM5.bmp', 'valence': 'happy', 'sex': 'male', 'switch_condition': 's', 'BI_condition': 'nonBI', 'minus1_valence': 'sad', 'minus2_valence': 'sad', 'switch_type': 'sh', 'BI_type': 'shn1', 'thisN': 17, 'thisTrialN': 17, 'thisRepN': 0}>
42.4131 	INFO 	Keyboard events cleared
42.4129 	EXP 	text_refresh: autoDraw = False
42.4129 	EXP 	text_refresh: autoDraw = False
42.4129 	EXP 	image_block: image = 'faces/HAM5.bmp'
42.4129 	EXP 	image_block: autoDraw = True
42.5303 	DATA 	Keypress: space
42.5344 	EXP 	image_block: autoDraw = False
42.5344 	EXP 	text_refresh: autoDraw = True
42.7208 	EXP 	New trial (rep=0, index=18): <Trial 18 (18 in rep 0) data={'stimuli_no': 19, 'stimulus': 'faces/NEF62.bmp', 'valence': 'neutral', 'sex': 'female', 'switch_condition': 's', 'BI_condition': 'control', 'minus1_valence': 'happy', 'minus2_valence': 'sad', 'switch_type': 'hn', 'BI_type': 'shn', 'thisN': 18, 'thisTrialN': 18, 'thisRepN': 0}>
42.7297 	INFO 	Keyboard events cleared
42.7295 	EXP 	text_refresh: autoDraw = False
42.7295 	EXP 	text_refresh: autoDraw = False
42.7295 	EXP 	image_block: image = 'faces/NEF62.bmp'
42.7295 	EXP 	image_block: autoDraw = True
42.8627 	DATA 	Keypress: space
42.8671 	EXP 	image_block: autoDraw = False
42.8671 	EXP 	text_refresh: autoDraw = True
43.0674 	EXP 	text_refresh: autoDraw = False
43.0674 	EXP 	text_refresh: autoDraw = False
43.0674 	EXP 	text_answer_block: autoDraw = True
43.0674 	EXP 	textbox_answer_block: autoDraw = True
43.0674 	EXP 	button_answer_block: autoDraw = True
43.2263 	DATA 	Keypress: space
44.4570 	DATA 	Keypress: 3
44.6040 	DATA 	Keypress: 1
44.6138 	DATA 	Keypress: 2
44.8254 	DATA 	Keypress: 4
44.9282 	DATA 	Keypress: 3
46.1454 	DATA 	Keypress: backspace
46.3397 	DATA 	Keypress: backspace
47.3287 	DATA 	Keypress: backspace
47.4927 	DATA 	Keypress: backspace
47.6596 	DATA 	Keypress: backspace
47.7959 	DATA 	Keypress: s
47.8113 	DATA 	Keypress: a
47.9041 	DATA 	Keypress: d
48.1100 	DATA 	Keypress: a
48.1245 	DATA 	Keypress: s
48.4706 	DATA 	Keypress: 2
48.5757 	DATA 	Keypress: 3
49.4600 	DATA 	Keypress: 1
50.1364 	DATA 	Mouse: Left button down, pos=(985,141)
50.1433 	EXP 	text_answer_block: autoDraw = False
50.1433 	EXP 	textbox_answer_block: autoDraw = False
50.1433 	EXP 	button_answer_block: autoDraw = False
50.1433 	EXP 	text_refresh: autoDraw = True
50.2073 	DATA 	Mouse:  Left button up, pos=(985,141)
50.3508 	INFO 	Keyboard events cleared
50.3505 	EXP 	text_refresh: autoDraw = False
50.3505 	EXP 	text_refresh: autoDraw = False
50.3505 	EXP 	text_feedback_block: height = 0.05
50.3505 	EXP 	text_feedback_block: height = 0.05
50.3505 	EXP 	text_feedback_block: height = 0.05
50.3505 	EXP 	text_feedback_block: text = '你答对了0种表情的面孔数目。'
50.3505 	EXP 	text_feedback_block: autoDraw = True
50.3505 	EXP 	text_feedback_block_note: autoDraw = True
51.0828 	DATA 	Keypress: space
51.0900 	EXP 	text_feedback_block: autoDraw = False
51.0900 	EXP 	text_feedback_block_note: autoDraw = False
51.0900 	EXP 	text_refresh: autoDraw = True
51.3052 	INFO 	Keyboard events cleared
51.3050 	EXP 	text_refresh: autoDraw = False
51.3050 	EXP 	text_continue_check_block: text = ''
51.3050 	EXP 	text_continue_check_block: height = 0.05
51.3050 	EXP 	text_continue_check_block: height = 0.05
51.3050 	EXP 	text_continue_check_block: height = 0.05
51.3050 	EXP 	text_continue_check_block: text = '如果您觉得累了，可以休息一会儿。'
51.3050 	EXP 	text_continue_check_block: autoDraw = True
51.3050 	EXP 	text_continue_prompt: autoDraw = True
52.1316 	DATA 	Keypress: space
52.1363 	EXP 	text_continue_check_block: autoDraw = False
52.1363 	EXP 	text_continue_prompt: autoDraw = False
52.1363 	EXP 	text_refresh: autoDraw = True
52.3199 	EXP 	New trial (rep=0, index=1): <Trial 1 (1 in rep 0) data={'block_file': 'block_2.xlsx', 'correct_answer': 666, 'thisN': 1, 'thisTrialN': 1, 'thisRepN': 0}>
52.3242 	EXP 	text_refresh: autoDraw = False
52.3242 	EXP 	text_refresh: autoDraw = False
52.3242 	EXP 	text_fixation: autoDraw = True
53.3222 	EXP 	Imported block_2.xlsx as conditions, 18 conditions, 10 params
53.3227 	EXP 	New trial (rep=0, index=0): <Trial 0 (0 in rep 0) data={'stimuli_no': 1, 'stimulus': 'faces/HAF8.bmp', 'valence': 'happy', 'sex': 'female', 'switch_condition': 'begin', 'BI_condition': 'nonBI', 'minus1_valence': 'non', 'minus2_valence': 'non', 'switch_type': 'begin', 'BI_type': 'non', 'thisN': 0, 'thisTrialN': 0, 'thisRepN': 0}>
53.3303 	INFO 	Keyboard events cleared
53.3301 	EXP 	text_fixation: autoDraw = False
53.3301 	EXP 	text_fixation: autoDraw = False
53.3301 	EXP 	image_block: image = 'faces/HAF8.bmp'
53.3301 	EXP 	image_block: autoDraw = True
53.7995 	DATA 	Keypress: escape
53.8522 	EXP 	TIST: status = STOPPED
53.8555 	EXP 	image_block: autoDraw = False
53.8556 	EXP 	TIST: status = STOPPED
53.8678 	INFO 	saved data to '/Users/Chenxiao/Documents/project_codes/TIST_stable_v1/data/469578_TIST_2025-08-01_14h40.07.618.csv'
53.8689 	INFO 	saved data to /Users/Chenxiao/Documents/project_codes/TIST_stable_v1/data/469578_TIST_2025-08-01_14h40.07.618.psydat
