11.2621 	WARNING 	Font Manager failed to load file /System/Library/PrivateFrameworks/FontServices.framework/Resources/Reserved/PingFangUI.ttc
13.8865 	DEBUG 	Fullscreen settings ignored as running in pilot mode.
13.8873 	INFO 	Loaded monitor calibration from ['2022_04_19 09:31']
14.0414 	EXP 	Created window1 = Window(allowGUI=False, allowStencil=True, autoLog=True, backendConf=UNKNOWN, backgroundFit=<method-wrapper '__getattribute__' of attributeSetter object at 0x180e0ac50>, backgroundImage=<method-wrapper '__getattribute__' of attributeSetter object at 0x180e0acb0>, bitsMode=UNKNOWN, blendMode='avg', bpc=(8, 8, 8), color=array([0, 0, 0]), colorSpace='rgb', depthBits=8, fullscr=False, gamma=None, gammaErrorPolicy='raise', infoMsg=UNKNOWN, lms=UNKNOWN, monitor=<psychopy.monitors.calibTools.Monitor object at 0x180e15150>, multiSample=False, name='window1', numSamples=2, pos=[560.0, 240.0], screen=0, size=array([1600, 1200]), stencilBits=8, stereo=False, title='PsychoPy', units='height', useFBO=True, useRetina=True, viewOri=0.0, viewPos=None, viewScale=None, waitBlanking=True, winType='pyglet')
14.0415 	EXP 	window1: backgroundImage = ''
14.0415 	EXP 	window1: backgroundFit = 'none'
14.0484 	DEBUG 	TextBox2 loaded 1 chars with 0 blanks and 1 valid
14.0488 	DEBUG 	TextBox2 loaded 1 chars with 0 blanks and 1 valid
14.0492 	DEBUG 	TextBox2 loaded 1 chars with 0 blanks and 1 valid
14.0498 	DEBUG 	TextBox2 loaded 1 chars with 0 blanks and 1 valid
14.0503 	DEBUG 	TextBox2 loaded 1 chars with 0 blanks and 1 valid
14.0505 	DEBUG 	TextBox2 loaded 1 chars with 0 blanks and 1 valid
14.0508 	DEBUG 	TextBox2 loaded 1 chars with 0 blanks and 1 valid
14.0513 	DEBUG 	TextBox2 loaded 1 chars with 0 blanks and 1 valid
14.0515 	DEBUG 	TextBox2 loaded 1 chars with 0 blanks and 1 valid
14.0516 	DEBUG 	TextBox2 loaded 1 chars with 0 blanks and 1 valid
14.0520 	DEBUG 	TextBox2 loaded 1 chars with 0 blanks and 1 valid
14.0524 	DEBUG 	TextBox2 loaded 1 chars with 0 blanks and 1 valid
14.0527 	DEBUG 	TextBox2 loaded 1 chars with 0 blanks and 1 valid
14.0531 	DEBUG 	TextBox2 loaded 1 chars with 0 blanks and 1 valid
14.0534 	DEBUG 	TextBox2 loaded 1 chars with 0 blanks and 1 valid
14.0538 	DEBUG 	TextBox2 loaded 1 chars with 0 blanks and 1 valid
14.0542 	DEBUG 	TextBox2 loaded 1 chars with 0 blanks and 1 valid
14.0543 	DEBUG 	TextBox2 loaded 1 chars with 0 blanks and 1 valid
14.0545 	DEBUG 	TextBox2 loaded 1 chars with 0 blanks and 1 valid
14.0551 	DEBUG 	TextBox2 loaded 1 chars with 0 blanks and 1 valid
14.0553 	DEBUG 	TextBox2 loaded 1 chars with 0 blanks and 1 valid
14.0554 	DEBUG 	Uploading Texture Font fontname to graphics card
14.0581 	DEBUG 	Upload of Texture Font fontname complete
14.0618 	DEBUG 	TextBox2 loaded 1 chars with 0 blanks and 1 valid
14.0625 	DEBUG 	TextBox2 loaded 1 chars with 0 blanks and 1 valid
14.0631 	DEBUG 	TextBox2 loaded 1 chars with 0 blanks and 1 valid
14.0632 	DEBUG 	Uploading Texture Font fontname to graphics card
14.0647 	DEBUG 	Upload of Texture Font fontname complete
14.0658 	EXP 	window1: Attempting to measure frame rate of screen (0) ...
14.0658 	EXP 	window1: recordFrameIntervals = False
14.1819 	EXP 	window1: recordFrameIntervals = True
15.0168 	WARNING 	Couldn't measure a consistent frame rate!
  - Is your graphics card set to sync to vertical blank?
  - Are you running other processes on your computer?

15.0237 	DEBUG 	TextBox2 loaded 1 chars with 0 blanks and 1 valid
15.0241 	DEBUG 	TextBox2 loaded 1 chars with 0 blanks and 1 valid
15.0249 	DEBUG 	TextBox2 loaded 1 chars with 0 blanks and 1 valid
15.0259 	DEBUG 	TextBox2 loaded 1 chars with 0 blanks and 1 valid
15.0269 	DEBUG 	TextBox2 loaded 1 chars with 0 blanks and 1 valid
15.0278 	DEBUG 	TextBox2 loaded 1 chars with 0 blanks and 1 valid
15.0281 	DEBUG 	TextBox2 loaded 1 chars with 0 blanks and 1 valid
15.0289 	DEBUG 	TextBox2 loaded 1 chars with 0 blanks and 1 valid
15.0297 	DEBUG 	TextBox2 loaded 1 chars with 0 blanks and 1 valid
15.0305 	DEBUG 	TextBox2 loaded 1 chars with 0 blanks and 1 valid
15.0307 	DEBUG 	Uploading Texture Font fontname to graphics card
15.0332 	DEBUG 	Upload of Texture Font fontname complete
15.0487 	WARNING 	launchHubServer: If using the iohub mouse or eyetracker devices, fullScr should be True.
17.2485 	INFO 	keyboard.Keyboard is using iohub backend.
17.2486 	INFO 	keyboard.Keyboard is using iohub backend.
17.2486 	INFO 	keyboard.Keyboard is using iohub backend.
17.2486 	INFO 	keyboard.Keyboard is using iohub backend.
17.2486 	INFO 	keyboard.Keyboard is using iohub backend.
17.2486 	INFO 	keyboard.Keyboard is using iohub backend.
17.2486 	INFO 	keyboard.Keyboard is using iohub backend.
17.2486 	INFO 	keyboard.Keyboard is using iohub backend.
17.2487 	INFO 	keyboard.Keyboard is using iohub backend.
17.2487 	INFO 	keyboard.Keyboard is using iohub backend.
17.2487 	INFO 	keyboard.Keyboard is using iohub backend.
17.2487 	EXP 	TIST: status = STARTED
17.3182 	EXP 	Created image_welcome = ImageStim(__class__=<class 'psychopy.visual.image.ImageStim'>, anchor=('center', 'center'), autoLog=True, color=array([1., 1., 1.]), colorSpace='rgb', contrast=1.0, depth=0.0, draggable=False, flipHoriz=False, flipVert=False, image='stimuli/welcome.png', interpolate=True, mask=None, maskParams=None, name='image_welcome', opacity=1, ori=0.0, pos=array([0., 0.]), size=array([1.1  , 0.825]), texRes=128.0, units='height', win=Window(...))
17.3329 	EXP 	Created text_refresh = TextStim(__class__=<class 'psychopy.visual.text.TextStim'>, alignHoriz=method-wrapper(...), alignText='center', alignVert=method-wrapper(...), anchorHoriz='center', anchorVert='center', antialias=True, autoDraw=False, autoLog=True, bold=False, color=array([1., 1., 1.]), colorSpace='rgb', contrast=1.0, depth=0.0, draggable=False, flipHoriz=False, flipVert=False, font='Arial', fontFiles=[], height=0.05, italic=False, languageStyle='LTR', name='text_refresh', opacity=1, ori=0.0, pos=array([0., 0.]), rgb=UNKNOWN, text='', units='height', win=Window(...), wrapWidth=1)
17.3744 	EXP 	Created image_practice_instruct = ImageStim(__class__=<class 'psychopy.visual.image.ImageStim'>, anchor=('center', 'center'), autoLog=True, color=array([1., 1., 1.]), colorSpace='rgb', contrast=1.0, depth=0.0, draggable=False, flipHoriz=False, flipVert=False, image='stimuli/practice_instruct.png', interpolate=True, mask=None, maskParams=None, name='image_practice_instruct', opacity=1, ori=0.0, pos=array([0., 0.]), size=array([1.1  , 0.825]), texRes=128.0, units='height', win=Window(...))
17.3751 	EXP 	Created text_refresh = TextStim(__class__=<class 'psychopy.visual.text.TextStim'>, alignHoriz=method-wrapper(...), alignText='center', alignVert=method-wrapper(...), anchorHoriz='center', anchorVert='center', antialias=True, autoDraw=False, autoLog=True, bold=False, color=array([1., 1., 1.]), colorSpace='rgb', contrast=1.0, depth=0.0, draggable=False, flipHoriz=False, flipVert=False, font='Arial', fontFiles=[], height=0.05, italic=False, languageStyle='LTR', name='text_refresh', opacity=1, ori=0.0, pos=array([0., 0.]), rgb=UNKNOWN, text='', units='height', win=Window(...), wrapWidth=1)
17.3853 	EXP 	Created text_fixation = TextStim(__class__=<class 'psychopy.visual.text.TextStim'>, alignHoriz=method-wrapper(...), alignText='center', alignVert=method-wrapper(...), anchorHoriz='center', anchorVert='center', antialias=True, autoDraw=False, autoLog=True, bold=False, color=array([1., 1., 1.]), colorSpace='rgb', contrast=1.0, depth=0.0, draggable=False, flipHoriz=False, flipVert=False, font='Noto Sans SC', fontFiles=[], height=0.2, italic=False, languageStyle='LTR', name='text_fixation', opacity=1, ori=0.0, pos=array([0., 0.]), rgb=UNKNOWN, text='+', units='height', win=Window(...), wrapWidth=1)
17.3886 	EXP 	Created image_block_practice = ImageStim(__class__=<class 'psychopy.visual.image.ImageStim'>, anchor=('center', 'center'), autoLog=True, color=array([1., 1., 1.]), colorSpace='rgb', contrast=1.0, depth=0.0, draggable=False, flipHoriz=False, flipVert=False, image='default.png', interpolate=True, mask=None, maskParams=None, name='image_block_practice', opacity=1, ori=0.0, pos=array([0., 0.]), size=array([0.36   , 0.41535]), texRes=128.0, units='height', win=Window(...))
17.3891 	EXP 	Created text_refresh = TextStim(__class__=<class 'psychopy.visual.text.TextStim'>, alignHoriz=method-wrapper(...), alignText='center', alignVert=method-wrapper(...), anchorHoriz='center', anchorVert='center', antialias=True, autoDraw=False, autoLog=True, bold=False, color=array([1., 1., 1.]), colorSpace='rgb', contrast=1.0, depth=0.0, draggable=False, flipHoriz=False, flipVert=False, font='Arial', fontFiles=[], height=0.05, italic=False, languageStyle='LTR', name='text_refresh', opacity=1, ori=0.0, pos=array([0., 0.]), rgb=UNKNOWN, text='', units='height', win=Window(...), wrapWidth=1)
17.4034 	EXP 	Created text_answer_block_practice = TextStim(__class__=<class 'psychopy.visual.text.TextStim'>, alignHoriz=method-wrapper(...), alignText='center', alignVert=method-wrapper(...), anchorHoriz='center', anchorVert='center', antialias=True, autoDraw=False, autoLog=True, bold=False, color=array([1., 1., 1.]), colorSpace='rgb', contrast=1.0, depth=0.0, draggable=False, flipHoriz=False, flipVert=False, font='Noto Sans SC', fontFiles=[], height=0.05, italic=False, languageStyle='LTR', name='text_answer_block_practice', opacity=1, ori=0.0, pos=array([0. , 0.3]), rgb=UNKNOWN, text='请按如下顺序在方框内输入答案：', units='height', win=Window(...), wrapWidth=1)
17.4105 	DEBUG 	TextBox2 loaded 1 chars with 0 blanks and 1 valid
17.4118 	DEBUG 	TextBox2 loaded 1 chars with 0 blanks and 1 valid
17.4119 	DEBUG 	Uploading Texture Font fontname to graphics card
17.4140 	DEBUG 	Upload of Texture Font fontname complete
17.4197 	DEBUG 	TextBox2 loaded 1 chars with 0 blanks and 1 valid
17.4209 	DEBUG 	TextBox2 loaded 1 chars with 0 blanks and 1 valid
17.4211 	DEBUG 	Uploading Texture Font fontname to graphics card
17.4226 	DEBUG 	Upload of Texture Font fontname complete
17.4282 	DEBUG 	TextBox2 loaded 1 chars with 0 blanks and 1 valid
17.4294 	DEBUG 	TextBox2 loaded 1 chars with 0 blanks and 1 valid
17.4295 	DEBUG 	Uploading Texture Font fontname to graphics card
17.4310 	DEBUG 	Upload of Texture Font fontname complete
17.4355 	EXP 	Created button_text_block_practice = TextStim(__class__=<class 'psychopy.visual.text.TextStim'>, alignHoriz=method-wrapper(...), alignText='center', alignVert=method-wrapper(...), anchorHoriz='center', anchorVert='center', antialias=True, autoDraw=False, autoLog=True, bold=False, color=array([1., 1., 1.]), colorSpace='rgb', contrast=1.0, depth=-4.0, draggable=False, flipHoriz=False, flipVert=False, font='Noto Sans SC', fontFiles=[], height=0.05, italic=False, languageStyle='LTR', name='button_text_block_practice', opacity=1, ori=0.0, pos=array([ 0.  , -0.35]), rgb=UNKNOWN, text='点击这里继续', units='height', win=Window(...), wrapWidth=1)
17.4360 	EXP 	Created text_refresh = TextStim(__class__=<class 'psychopy.visual.text.TextStim'>, alignHoriz=method-wrapper(...), alignText='center', alignVert=method-wrapper(...), anchorHoriz='center', anchorVert='center', antialias=True, autoDraw=False, autoLog=True, bold=False, color=array([1., 1., 1.]), colorSpace='rgb', contrast=1.0, depth=0.0, draggable=False, flipHoriz=False, flipVert=False, font='Arial', fontFiles=[], height=0.05, italic=False, languageStyle='LTR', name='text_refresh', opacity=1, ori=0.0, pos=array([0., 0.]), rgb=UNKNOWN, text='', units='height', win=Window(...), wrapWidth=1)
17.4363 	EXP 	Created text_feedback_block_practice = TextStim(__class__=<class 'psychopy.visual.text.TextStim'>, alignHoriz=method-wrapper(...), alignText='center', alignVert=method-wrapper(...), anchorHoriz='center', anchorVert='center', antialias=True, autoDraw=False, autoLog=True, bold=False, color=array([1., 1., 1.]), colorSpace='rgb', contrast=1.0, depth=0.0, draggable=False, flipHoriz=False, flipVert=False, font='Noto Sans SC', fontFiles=[], height=0.05, italic=False, languageStyle='LTR', name='text_feedback_block_practice', opacity=1, ori=0.0, pos=array([0., 0.]), rgb=UNKNOWN, text='', units='height', win=Window(...), wrapWidth=1)
17.4388 	EXP 	Created text_feedback_note_practice = TextStim(__class__=<class 'psychopy.visual.text.TextStim'>, alignHoriz=method-wrapper(...), alignText='center', alignVert=method-wrapper(...), anchorHoriz='center', anchorVert='center', antialias=True, autoDraw=False, autoLog=True, bold=False, color=array([1., 1., 1.]), colorSpace='rgb', contrast=1.0, depth=-1.0, draggable=False, flipHoriz=False, flipVert=False, font='Noto Sans SC', fontFiles=[], height=0.05, italic=False, languageStyle='LTR', name='text_feedback_note_practice', opacity=1, ori=0.0, pos=array([ 0.  , -0.25]), rgb=UNKNOWN, text='请按空格键继续', units='height', win=Window(...), wrapWidth=1)
17.4394 	EXP 	Created text_refresh = TextStim(__class__=<class 'psychopy.visual.text.TextStim'>, alignHoriz=method-wrapper(...), alignText='center', alignVert=method-wrapper(...), anchorHoriz='center', anchorVert='center', antialias=True, autoDraw=False, autoLog=True, bold=False, color=array([1., 1., 1.]), colorSpace='rgb', contrast=1.0, depth=0.0, draggable=False, flipHoriz=False, flipVert=False, font='Arial', fontFiles=[], height=0.05, italic=False, languageStyle='LTR', name='text_refresh', opacity=1, ori=0.0, pos=array([0., 0.]), rgb=UNKNOWN, text='', units='height', win=Window(...), wrapWidth=1)
17.4825 	EXP 	Created image_continue_check = ImageStim(__class__=<class 'psychopy.visual.image.ImageStim'>, anchor=('center', 'center'), autoLog=True, color=array([1., 1., 1.]), colorSpace='rgb', contrast=1.0, depth=0.0, draggable=False, flipHoriz=False, flipVert=False, image='stimuli/continue_check.png', interpolate=True, mask=None, maskParams=None, name='image_continue_check', opacity=1, ori=0.0, pos=array([0., 0.]), size=array([1.1  , 0.825]), texRes=128.0, units='height', win=Window(...))
17.4831 	EXP 	Created text_refresh = TextStim(__class__=<class 'psychopy.visual.text.TextStim'>, alignHoriz=method-wrapper(...), alignText='center', alignVert=method-wrapper(...), anchorHoriz='center', anchorVert='center', antialias=True, autoDraw=False, autoLog=True, bold=False, color=array([1., 1., 1.]), colorSpace='rgb', contrast=1.0, depth=0.0, draggable=False, flipHoriz=False, flipVert=False, font='Arial', fontFiles=[], height=0.05, italic=False, languageStyle='LTR', name='text_refresh', opacity=1, ori=0.0, pos=array([0., 0.]), rgb=UNKNOWN, text='', units='height', win=Window(...), wrapWidth=1)
17.5265 	EXP 	Created image_primary_welcome = ImageStim(__class__=<class 'psychopy.visual.image.ImageStim'>, anchor=('center', 'center'), autoLog=True, color=array([1., 1., 1.]), colorSpace='rgb', contrast=1.0, depth=0.0, draggable=False, flipHoriz=False, flipVert=False, image='stimuli/welcome_primary.png', interpolate=True, mask=None, maskParams=None, name='image_primary_welcome', opacity=1, ori=0.0, pos=array([0., 0.]), size=array([1.1  , 0.825]), texRes=128.0, units='height', win=Window(...))
17.5271 	EXP 	Created text_refresh = TextStim(__class__=<class 'psychopy.visual.text.TextStim'>, alignHoriz=method-wrapper(...), alignText='center', alignVert=method-wrapper(...), anchorHoriz='center', anchorVert='center', antialias=True, autoDraw=False, autoLog=True, bold=False, color=array([1., 1., 1.]), colorSpace='rgb', contrast=1.0, depth=0.0, draggable=False, flipHoriz=False, flipVert=False, font='Arial', fontFiles=[], height=0.05, italic=False, languageStyle='LTR', name='text_refresh', opacity=1, ori=0.0, pos=array([0., 0.]), rgb=UNKNOWN, text='', units='height', win=Window(...), wrapWidth=1)
17.5279 	EXP 	Created text_fixation = TextStim(__class__=<class 'psychopy.visual.text.TextStim'>, alignHoriz=method-wrapper(...), alignText='center', alignVert=method-wrapper(...), anchorHoriz='center', anchorVert='center', antialias=True, autoDraw=False, autoLog=True, bold=False, color=array([1., 1., 1.]), colorSpace='rgb', contrast=1.0, depth=0.0, draggable=False, flipHoriz=False, flipVert=False, font='Noto Sans SC', fontFiles=[], height=0.2, italic=False, languageStyle='LTR', name='text_fixation', opacity=1, ori=0.0, pos=array([0., 0.]), rgb=UNKNOWN, text='+', units='height', win=Window(...), wrapWidth=1)
17.5305 	EXP 	Created image_block = ImageStim(__class__=<class 'psychopy.visual.image.ImageStim'>, anchor=('center', 'center'), autoLog=True, color=array([1., 1., 1.]), colorSpace='rgb', contrast=1.0, depth=0.0, draggable=False, flipHoriz=False, flipVert=False, image='default.png', interpolate=True, mask=None, maskParams=None, name='image_block', opacity=1, ori=0.0, pos=array([0., 0.]), size=array([0.36   , 0.41535]), texRes=128.0, units='height', win=Window(...))
17.5309 	EXP 	Created text_refresh = TextStim(__class__=<class 'psychopy.visual.text.TextStim'>, alignHoriz=method-wrapper(...), alignText='center', alignVert=method-wrapper(...), anchorHoriz='center', anchorVert='center', antialias=True, autoDraw=False, autoLog=True, bold=False, color=array([1., 1., 1.]), colorSpace='rgb', contrast=1.0, depth=0.0, draggable=False, flipHoriz=False, flipVert=False, font='Arial', fontFiles=[], height=0.05, italic=False, languageStyle='LTR', name='text_refresh', opacity=1, ori=0.0, pos=array([0., 0.]), rgb=UNKNOWN, text='', units='height', win=Window(...), wrapWidth=1)
17.5320 	EXP 	Created text_answer_block = TextStim(__class__=<class 'psychopy.visual.text.TextStim'>, alignHoriz=method-wrapper(...), alignText='center', alignVert=method-wrapper(...), anchorHoriz='center', anchorVert='center', antialias=True, autoDraw=False, autoLog=True, bold=False, color=array([1., 1., 1.]), colorSpace='rgb', contrast=1.0, depth=0.0, draggable=False, flipHoriz=False, flipVert=False, font='Noto Sans SC', fontFiles=[], height=0.05, italic=False, languageStyle='LTR', name='text_answer_block', opacity=1, ori=0.0, pos=array([0. , 0.3]), rgb=UNKNOWN, text='请按如下顺序在方框内输入答案：', units='height', win=Window(...), wrapWidth=1)
17.5468 	EXP 	Created button_answer_block = TextStim(__class__=<class 'psychopy.visual.text.TextStim'>, alignHoriz=method-wrapper(...), alignText='center', alignVert=method-wrapper(...), anchorHoriz='center', anchorVert='center', antialias=True, autoDraw=False, autoLog=True, bold=False, color=array([1., 1., 1.]), colorSpace='rgb', contrast=1.0, depth=-4.0, draggable=False, flipHoriz=False, flipVert=False, font='Noto Sans SC', fontFiles=[], height=0.05, italic=False, languageStyle='LTR', name='button_answer_block', opacity=1, ori=0.0, pos=array([ 0.  , -0.35]), rgb=UNKNOWN, text='点击这里继续', units='height', win=Window(...), wrapWidth=1)
17.5473 	EXP 	Created text_refresh = TextStim(__class__=<class 'psychopy.visual.text.TextStim'>, alignHoriz=method-wrapper(...), alignText='center', alignVert=method-wrapper(...), anchorHoriz='center', anchorVert='center', antialias=True, autoDraw=False, autoLog=True, bold=False, color=array([1., 1., 1.]), colorSpace='rgb', contrast=1.0, depth=0.0, draggable=False, flipHoriz=False, flipVert=False, font='Arial', fontFiles=[], height=0.05, italic=False, languageStyle='LTR', name='text_refresh', opacity=1, ori=0.0, pos=array([0., 0.]), rgb=UNKNOWN, text='', units='height', win=Window(...), wrapWidth=1)
17.5476 	EXP 	Created text_feedback_block = TextStim(__class__=<class 'psychopy.visual.text.TextStim'>, alignHoriz=method-wrapper(...), alignText='center', alignVert=method-wrapper(...), anchorHoriz='center', anchorVert='center', antialias=True, autoDraw=False, autoLog=True, bold=False, color=array([1., 1., 1.]), colorSpace='rgb', contrast=1.0, depth=0.0, draggable=False, flipHoriz=False, flipVert=False, font='Noto Sans SC', fontFiles=[], height=0.05, italic=False, languageStyle='LTR', name='text_feedback_block', opacity=1, ori=0.0, pos=array([0., 0.]), rgb=UNKNOWN, text='', units='height', win=Window(...), wrapWidth=1)
17.5485 	EXP 	Created text_feedback_block_note = TextStim(__class__=<class 'psychopy.visual.text.TextStim'>, alignHoriz=method-wrapper(...), alignText='center', alignVert=method-wrapper(...), anchorHoriz='center', anchorVert='center', antialias=True, autoDraw=False, autoLog=True, bold=False, color=array([1., 1., 1.]), colorSpace='rgb', contrast=1.0, depth=-1.0, draggable=False, flipHoriz=False, flipVert=False, font='Noto Sans SC', fontFiles=[], height=0.05, italic=False, languageStyle='LTR', name='text_feedback_block_note', opacity=1, ori=0.0, pos=array([ 0.  , -0.25]), rgb=UNKNOWN, text='请按空格键继续', units='height', win=Window(...), wrapWidth=1)
17.5490 	EXP 	Created text_refresh = TextStim(__class__=<class 'psychopy.visual.text.TextStim'>, alignHoriz=method-wrapper(...), alignText='center', alignVert=method-wrapper(...), anchorHoriz='center', anchorVert='center', antialias=True, autoDraw=False, autoLog=True, bold=False, color=array([1., 1., 1.]), colorSpace='rgb', contrast=1.0, depth=0.0, draggable=False, flipHoriz=False, flipVert=False, font='Arial', fontFiles=[], height=0.05, italic=False, languageStyle='LTR', name='text_refresh', opacity=1, ori=0.0, pos=array([0., 0.]), rgb=UNKNOWN, text='', units='height', win=Window(...), wrapWidth=1)
17.5495 	EXP 	Created text_continue_check_block = TextStim(__class__=<class 'psychopy.visual.text.TextStim'>, alignHoriz=method-wrapper(...), alignText='center', alignVert=method-wrapper(...), anchorHoriz='center', anchorVert='center', antialias=True, autoDraw=False, autoLog=True, bold=False, color=array([1., 1., 1.]), colorSpace='rgb', contrast=1.0, depth=0.0, draggable=False, flipHoriz=False, flipVert=False, font='Noto Sans SC', fontFiles=[], height=0.05, italic=False, languageStyle='LTR', name='text_continue_check_block', opacity=1, ori=0.0, pos=array([0., 0.]), rgb=UNKNOWN, text='', units='height', win=Window(...), wrapWidth=1)
17.5528 	EXP 	Created text_continue_prompt = TextStim(__class__=<class 'psychopy.visual.text.TextStim'>, alignHoriz=method-wrapper(...), alignText='center', alignVert=method-wrapper(...), anchorHoriz='center', anchorVert='center', antialias=True, autoDraw=False, autoLog=True, bold=False, color=array([1., 1., 1.]), colorSpace='rgb', contrast=1.0, depth=-2.0, draggable=False, flipHoriz=False, flipVert=False, font='Noto Sans SC', fontFiles=[], height=0.05, italic=False, languageStyle='LTR', name='text_continue_prompt', opacity=1, ori=0.0, pos=array([ 0.  , -0.25]), rgb=UNKNOWN, text='请按空格键继续。', units='height', win=Window(...), wrapWidth=1)
17.5533 	EXP 	Created text_refresh = TextStim(__class__=<class 'psychopy.visual.text.TextStim'>, alignHoriz=method-wrapper(...), alignText='center', alignVert=method-wrapper(...), anchorHoriz='center', anchorVert='center', antialias=True, autoDraw=False, autoLog=True, bold=False, color=array([1., 1., 1.]), colorSpace='rgb', contrast=1.0, depth=0.0, draggable=False, flipHoriz=False, flipVert=False, font='Arial', fontFiles=[], height=0.05, italic=False, languageStyle='LTR', name='text_refresh', opacity=1, ori=0.0, pos=array([0., 0.]), rgb=UNKNOWN, text='', units='height', win=Window(...), wrapWidth=1)
17.5621 	EXP 	Created text_goodbye = TextStim(__class__=<class 'psychopy.visual.text.TextStim'>, alignHoriz=method-wrapper(...), alignText='center', alignVert=method-wrapper(...), anchorHoriz='center', anchorVert='center', antialias=True, autoDraw=False, autoLog=True, bold=False, color=array([1., 1., 1.]), colorSpace='rgb', contrast=1.0, depth=0.0, draggable=False, flipHoriz=False, flipVert=False, font='Noto Sans SC', fontFiles=[], height=0.05, italic=False, languageStyle='LTR', name='text_goodbye', opacity=1, ori=0.0, pos=array([0., 0.]), rgb=UNKNOWN, text='测试结束。\n\n感谢您参与本测试，祝生活愉快！', units='height', win=Window(...), wrapWidth=1)
0.0048 	EXP 	textbox_answer_block_practice1: autoLog = True
0.0048 	EXP 	textbox_answer_block_practice2: autoLog = True
0.0048 	EXP 	textbox_answer_block_practice3: autoLog = True
0.0048 	EXP 	textbox_answer_block1: autoLog = True
0.0048 	EXP 	textbox_answer_block2: autoLog = True
0.0048 	EXP 	textbox_answer_block3: autoLog = True
0.0142 	INFO 	Keyboard events cleared
0.0140 	EXP 	image_welcome: autoDraw = True
0.8137 	DEBUG 	TextBox2 loaded 1 chars with 0 blanks and 1 valid
0.8143 	DEBUG 	TextBox2 loaded 1 chars with 0 blanks and 1 valid
0.8146 	DEBUG 	Uploading Texture Font fontname to graphics card
0.8178 	DEBUG 	Upload of Texture Font fontname complete
0.8186 	DATA 	Keypress: space
0.8233 	WARNING 	t of last frame was 38.64ms (=1/25)
0.8233 	EXP 	image_welcome: autoDraw = False
0.8233 	EXP 	text_refresh: autoDraw = True
1.0183 	INFO 	Keyboard events cleared
1.0180 	EXP 	text_refresh: autoDraw = False
1.0180 	EXP 	image_practice_instruct: autoDraw = True
1.6616 	DATA 	Keypress: space
1.6651 	EXP 	image_practice_instruct: autoDraw = False
1.6651 	EXP 	text_refresh: autoDraw = True
1.8581 	DEBUG 	Read excel file with openpyxl: loop_block_practice.xlsx
1.8582 	EXP 	Imported loop_block_practice.xlsx as conditions, 1 conditions, 2 params
1.8593 	EXP 	New trial (rep=0, index=0): <Trial 0 (0 in rep 0) data={'block_practice_file': 'block_practice_1.xlsx', 'correct_answer': 688, 'thisN': 0, 'thisTrialN': 0, 'thisRepN': 0}>
1.8643 	EXP 	text_refresh: autoDraw = False
1.8643 	EXP 	text_refresh: autoDraw = False
1.8643 	EXP 	text_fixation: autoDraw = True
2.8585 	DEBUG 	Read excel file with openpyxl: block_practice_1.xlsx
2.8612 	EXP 	Imported block_practice_1.xlsx as conditions, 22 conditions, 10 params
2.8616 	EXP 	New trial (rep=0, index=0): <Trial 0 (0 in rep 0) data={'stimuli_no': 1, 'stimulus': 'faces/HAM1.bmp', 'valence': 'happy', 'sex': 'male', 'switch_condition': 'begin', 'BI_condition': 'nonBI', 'minus1_valence': 'non', 'minus2_valence': 'non', 'switch_type': 'begin', 'BI_type': 'non', 'thisN': 0, 'thisTrialN': 0, 'thisRepN': 0}>
2.8696 	INFO 	Keyboard events cleared
2.8695 	EXP 	text_fixation: autoDraw = False
2.8695 	EXP 	text_fixation: autoDraw = False
2.8695 	EXP 	image_block_practice: image = 'faces/HAM1.bmp'
2.8695 	EXP 	image_block_practice: autoDraw = True
3.5771 	DATA 	Keypress: space
3.5849 	EXP 	image_block_practice: autoDraw = False
3.5849 	EXP 	text_refresh: autoDraw = True
3.7696 	EXP 	New trial (rep=0, index=1): <Trial 1 (1 in rep 0) data={'stimuli_no': 2, 'stimulus': 'faces/NEF6.bmp', 'valence': 'neutral', 'sex': 'female', 'switch_condition': 's', 'BI_condition': 'nonBI', 'minus1_valence': 'happy', 'minus2_valence': 'non', 'switch_type': 'hn', 'BI_type': 'hns1', 'thisN': 1, 'thisTrialN': 1, 'thisRepN': 0}>
3.7755 	INFO 	Keyboard events cleared
3.7754 	EXP 	text_refresh: autoDraw = False
3.7754 	EXP 	text_refresh: autoDraw = False
3.7754 	EXP 	image_block_practice: image = 'faces/NEF6.bmp'
3.7754 	EXP 	image_block_practice: autoDraw = True
4.4232 	DATA 	Keypress: space
4.4267 	EXP 	image_block_practice: autoDraw = False
4.4267 	EXP 	text_refresh: autoDraw = True
4.6196 	EXP 	New trial (rep=0, index=2): <Trial 2 (2 in rep 0) data={'stimuli_no': 3, 'stimulus': 'faces/SAF2.bmp', 'valence': 'sad', 'sex': 'female', 'switch_condition': 's', 'BI_condition': 'control', 'minus1_valence': 'neutral', 'minus2_valence': 'happy', 'switch_type': 'ns', 'BI_type': 'hns', 'thisN': 2, 'thisTrialN': 2, 'thisRepN': 0}>
4.6263 	INFO 	Keyboard events cleared
4.6262 	EXP 	text_refresh: autoDraw = False
4.6262 	EXP 	text_refresh: autoDraw = False
4.6262 	EXP 	image_block_practice: image = 'faces/SAF2.bmp'
4.6262 	EXP 	image_block_practice: autoDraw = True
5.2552 	DATA 	Keypress: space
5.2584 	EXP 	image_block_practice: autoDraw = False
5.2584 	EXP 	text_refresh: autoDraw = True
5.4532 	EXP 	New trial (rep=0, index=3): <Trial 3 (3 in rep 0) data={'stimuli_no': 4, 'stimulus': 'faces/SAF3.bmp', 'valence': 'sad', 'sex': 'female', 'switch_condition': 'ns', 'BI_condition': 'nonBI', 'minus1_valence': 'sad', 'minus2_valence': 'neutral', 'switch_type': 'ss', 'BI_type': 'non', 'thisN': 3, 'thisTrialN': 3, 'thisRepN': 0}>
5.4597 	INFO 	Keyboard events cleared
5.4595 	EXP 	text_refresh: autoDraw = False
5.4595 	EXP 	text_refresh: autoDraw = False
5.4595 	EXP 	image_block_practice: image = 'faces/SAF3.bmp'
5.4595 	EXP 	image_block_practice: autoDraw = True
6.0065 	EXP 	image_block_practice: autoDraw = False
6.0065 	EXP 	text_refresh: autoDraw = True
6.0099 	DATA 	Keypress: space
6.2031 	EXP 	New trial (rep=0, index=4): <Trial 4 (4 in rep 0) data={'stimuli_no': 5, 'stimulus': 'faces/SAM1.bmp', 'valence': 'sad', 'sex': 'male', 'switch_condition': 'ns', 'BI_condition': 'nonBI', 'minus1_valence': 'sad', 'minus2_valence': 'sad', 'switch_type': 'ss', 'BI_type': 'non', 'thisN': 4, 'thisTrialN': 4, 'thisRepN': 0}>
6.2081 	INFO 	Keyboard events cleared
6.2079 	EXP 	text_refresh: autoDraw = False
6.2079 	EXP 	text_refresh: autoDraw = False
6.2079 	EXP 	image_block_practice: image = 'faces/SAM1.bmp'
6.2079 	EXP 	image_block_practice: autoDraw = True
6.6851 	EXP 	image_block_practice: autoDraw = False
6.6851 	EXP 	text_refresh: autoDraw = True
6.6887 	DATA 	Keypress: space
6.8699 	EXP 	New trial (rep=0, index=5): <Trial 5 (5 in rep 0) data={'stimuli_no': 6, 'stimulus': 'faces/NEF9.bmp', 'valence': 'neutral', 'sex': 'female', 'switch_condition': 's', 'BI_condition': 'nonBI', 'minus1_valence': 'sad', 'minus2_valence': 'sad', 'switch_type': 'sn', 'BI_type': 'sns1', 'thisN': 5, 'thisTrialN': 5, 'thisRepN': 0}>
6.8761 	INFO 	Keyboard events cleared
6.8759 	EXP 	text_refresh: autoDraw = False
6.8759 	EXP 	text_refresh: autoDraw = False
6.8759 	EXP 	image_block_practice: image = 'faces/NEF9.bmp'
6.8759 	EXP 	image_block_practice: autoDraw = True
7.2927 	DATA 	Keypress: space
7.3017 	EXP 	image_block_practice: autoDraw = False
7.3017 	EXP 	text_refresh: autoDraw = True
7.4865 	EXP 	New trial (rep=0, index=6): <Trial 6 (6 in rep 0) data={'stimuli_no': 7, 'stimulus': 'faces/SAM6.bmp', 'valence': 'sad', 'sex': 'male', 'switch_condition': 's', 'BI_condition': 'BI', 'minus1_valence': 'neutral', 'minus2_valence': 'sad', 'switch_type': 'ns', 'BI_type': 'sns', 'thisN': 6, 'thisTrialN': 6, 'thisRepN': 0}>
7.5033 	INFO 	Keyboard events cleared
7.5031 	EXP 	text_refresh: autoDraw = False
7.5031 	EXP 	text_refresh: autoDraw = False
7.5031 	EXP 	image_block_practice: image = 'faces/SAM6.bmp'
7.5031 	EXP 	image_block_practice: autoDraw = True
7.9566 	DATA 	Keypress: space
7.9597 	EXP 	image_block_practice: autoDraw = False
7.9597 	EXP 	text_refresh: autoDraw = True
8.1534 	EXP 	New trial (rep=0, index=7): <Trial 7 (7 in rep 0) data={'stimuli_no': 8, 'stimulus': 'faces/SAF3.bmp', 'valence': 'sad', 'sex': 'female', 'switch_condition': 'ns', 'BI_condition': 'nonBI', 'minus1_valence': 'sad', 'minus2_valence': 'neutral', 'switch_type': 'ss', 'BI_type': 'non', 'thisN': 7, 'thisTrialN': 7, 'thisRepN': 0}>
8.1580 	INFO 	Keyboard events cleared
8.1579 	EXP 	text_refresh: autoDraw = False
8.1579 	EXP 	text_refresh: autoDraw = False
8.1579 	EXP 	image_block_practice: image = 'faces/SAF3.bmp'
8.1579 	EXP 	image_block_practice: autoDraw = True
8.5105 	DATA 	Keypress: space
8.5183 	EXP 	image_block_practice: autoDraw = False
8.5183 	EXP 	text_refresh: autoDraw = True
8.7032 	EXP 	New trial (rep=0, index=8): <Trial 8 (8 in rep 0) data={'stimuli_no': 9, 'stimulus': 'faces/NEM4.bmp', 'valence': 'neutral', 'sex': 'male', 'switch_condition': 's', 'BI_condition': 'nonBI', 'minus1_valence': 'sad', 'minus2_valence': 'sad', 'switch_type': 'sn', 'BI_type': 'snh1', 'thisN': 8, 'thisTrialN': 8, 'thisRepN': 0}>
8.7089 	INFO 	Keyboard events cleared
8.7087 	EXP 	text_refresh: autoDraw = False
8.7087 	EXP 	text_refresh: autoDraw = False
8.7087 	EXP 	image_block_practice: image = 'faces/NEM4.bmp'
8.7087 	EXP 	image_block_practice: autoDraw = True
9.0221 	DATA 	Keypress: space
9.0247 	EXP 	image_block_practice: autoDraw = False
9.0247 	EXP 	text_refresh: autoDraw = True
9.2200 	EXP 	New trial (rep=0, index=9): <Trial 9 (9 in rep 0) data={'stimuli_no': 10, 'stimulus': 'faces/HAF59.bmp', 'valence': 'happy', 'sex': 'female', 'switch_condition': 's', 'BI_condition': 'control', 'minus1_valence': 'neutral', 'minus2_valence': 'sad', 'switch_type': 'nh', 'BI_type': 'snh', 'thisN': 9, 'thisTrialN': 9, 'thisRepN': 0}>
9.2256 	INFO 	Keyboard events cleared
9.2254 	EXP 	text_refresh: autoDraw = False
9.2254 	EXP 	text_refresh: autoDraw = False
9.2254 	EXP 	image_block_practice: image = 'faces/HAF59.bmp'
9.2254 	EXP 	image_block_practice: autoDraw = True
9.4575 	EXP 	image_block_practice: autoDraw = False
9.4575 	EXP 	text_refresh: autoDraw = True
9.4611 	DATA 	Keypress: space
9.6534 	EXP 	New trial (rep=0, index=10): <Trial 10 (10 in rep 0) data={'stimuli_no': 11, 'stimulus': 'faces/HAF107.bmp', 'valence': 'happy', 'sex': 'female', 'switch_condition': 'ns', 'BI_condition': 'nonBI', 'minus1_valence': 'happy', 'minus2_valence': 'neutral', 'switch_type': 'hh', 'BI_type': 'non', 'thisN': 10, 'thisTrialN': 10, 'thisRepN': 0}>
9.6666 	INFO 	Keyboard events cleared
9.6665 	EXP 	text_refresh: autoDraw = False
9.6665 	EXP 	text_refresh: autoDraw = False
9.6665 	EXP 	image_block_practice: image = 'faces/HAF107.bmp'
9.6665 	EXP 	image_block_practice: autoDraw = True
10.0096 	DATA 	Keypress: space
10.0185 	EXP 	image_block_practice: autoDraw = False
10.0185 	EXP 	text_refresh: autoDraw = True
10.2036 	EXP 	New trial (rep=0, index=11): <Trial 11 (11 in rep 0) data={'stimuli_no': 12, 'stimulus': 'faces/HAM9.bmp', 'valence': 'happy', 'sex': 'male', 'switch_condition': 'ns', 'BI_condition': 'nonBI', 'minus1_valence': 'happy', 'minus2_valence': 'happy', 'switch_type': 'hh', 'BI_type': 'non', 'thisN': 11, 'thisTrialN': 11, 'thisRepN': 0}>
10.2102 	INFO 	Keyboard events cleared
10.2100 	EXP 	text_refresh: autoDraw = False
10.2100 	EXP 	text_refresh: autoDraw = False
10.2100 	EXP 	image_block_practice: image = 'faces/HAM9.bmp'
10.2100 	EXP 	image_block_practice: autoDraw = True
10.5066 	DATA 	Keypress: space
10.5100 	EXP 	image_block_practice: autoDraw = False
10.5100 	EXP 	text_refresh: autoDraw = True
10.7033 	EXP 	New trial (rep=0, index=12): <Trial 12 (12 in rep 0) data={'stimuli_no': 13, 'stimulus': 'faces/NEM5.bmp', 'valence': 'neutral', 'sex': 'male', 'switch_condition': 's', 'BI_condition': 'nonBI', 'minus1_valence': 'happy', 'minus2_valence': 'happy', 'switch_type': 'hn', 'BI_type': 'hnh1', 'thisN': 12, 'thisTrialN': 12, 'thisRepN': 0}>
10.7091 	INFO 	Keyboard events cleared
10.7089 	EXP 	text_refresh: autoDraw = False
10.7089 	EXP 	text_refresh: autoDraw = False
10.7089 	EXP 	image_block_practice: image = 'faces/NEM5.bmp'
10.7089 	EXP 	image_block_practice: autoDraw = True
11.0353 	EXP 	image_block_practice: autoDraw = False
11.0353 	EXP 	text_refresh: autoDraw = True
11.0391 	DATA 	Keypress: space
11.2202 	EXP 	New trial (rep=0, index=13): <Trial 13 (13 in rep 0) data={'stimuli_no': 14, 'stimulus': 'faces/HAM38.bmp', 'valence': 'happy', 'sex': 'male', 'switch_condition': 's', 'BI_condition': 'BI', 'minus1_valence': 'neutral', 'minus2_valence': 'happy', 'switch_type': 'nh', 'BI_type': 'hnh', 'thisN': 13, 'thisTrialN': 13, 'thisRepN': 0}>
11.2260 	INFO 	Keyboard events cleared
11.2258 	EXP 	text_refresh: autoDraw = False
11.2258 	EXP 	text_refresh: autoDraw = False
11.2258 	EXP 	image_block_practice: image = 'faces/HAM38.bmp'
11.2258 	EXP 	image_block_practice: autoDraw = True
11.5102 	DATA 	Keypress: space
11.5186 	EXP 	image_block_practice: autoDraw = False
11.5186 	EXP 	text_refresh: autoDraw = True
11.7036 	EXP 	New trial (rep=0, index=14): <Trial 14 (14 in rep 0) data={'stimuli_no': 15, 'stimulus': 'faces/HAF110.bmp', 'valence': 'happy', 'sex': 'female', 'switch_condition': 'ns', 'BI_condition': 'nonBI', 'minus1_valence': 'happy', 'minus2_valence': 'neutral', 'switch_type': 'hh', 'BI_type': 'non', 'thisN': 14, 'thisTrialN': 14, 'thisRepN': 0}>
11.7175 	INFO 	Keyboard events cleared
11.7174 	EXP 	text_refresh: autoDraw = False
11.7174 	EXP 	text_refresh: autoDraw = False
11.7174 	EXP 	image_block_practice: image = 'faces/HAF110.bmp'
11.7174 	EXP 	image_block_practice: autoDraw = True
12.0064 	DATA 	Keypress: space
12.0098 	EXP 	image_block_practice: autoDraw = False
12.0098 	EXP 	text_refresh: autoDraw = True
12.2035 	EXP 	New trial (rep=0, index=15): <Trial 15 (15 in rep 0) data={'stimuli_no': 16, 'stimulus': 'faces/SAM7.bmp', 'valence': 'sad', 'sex': 'male', 'switch_condition': 's', 'BI_condition': 'nonBI', 'minus1_valence': 'happy', 'minus2_valence': 'happy', 'switch_type': 'hs', 'BI_type': 'hsn1', 'thisN': 15, 'thisTrialN': 15, 'thisRepN': 0}>
12.2097 	INFO 	Keyboard events cleared
12.2095 	EXP 	text_refresh: autoDraw = False
12.2095 	EXP 	text_refresh: autoDraw = False
12.2095 	EXP 	image_block_practice: image = 'faces/SAM7.bmp'
12.2095 	EXP 	image_block_practice: autoDraw = True
12.4405 	DATA 	Keypress: space
12.4435 	EXP 	image_block_practice: autoDraw = False
12.4435 	EXP 	text_refresh: autoDraw = True
12.6368 	EXP 	New trial (rep=0, index=16): <Trial 16 (16 in rep 0) data={'stimuli_no': 17, 'stimulus': 'faces/NEF35.bmp', 'valence': 'neutral', 'sex': 'female', 'switch_condition': 's', 'BI_condition': 'control', 'minus1_valence': 'sad', 'minus2_valence': 'happy', 'switch_type': 'sn', 'BI_type': 'hsn', 'thisN': 16, 'thisTrialN': 16, 'thisRepN': 0}>
12.6430 	INFO 	Keyboard events cleared
12.6428 	EXP 	text_refresh: autoDraw = False
12.6428 	EXP 	text_refresh: autoDraw = False
12.6428 	EXP 	image_block_practice: image = 'faces/NEF35.bmp'
12.6428 	EXP 	image_block_practice: autoDraw = True
12.9404 	DATA 	Keypress: space
12.9439 	EXP 	image_block_practice: autoDraw = False
12.9439 	EXP 	text_refresh: autoDraw = True
13.1369 	EXP 	New trial (rep=0, index=17): <Trial 17 (17 in rep 0) data={'stimuli_no': 18, 'stimulus': 'faces/NEM6.bmp', 'valence': 'neutral', 'sex': 'male', 'switch_condition': 'ns', 'BI_condition': 'nonBI', 'minus1_valence': 'neutral', 'minus2_valence': 'sad', 'switch_type': 'nn', 'BI_type': 'non', 'thisN': 17, 'thisTrialN': 17, 'thisRepN': 0}>
13.1418 	INFO 	Keyboard events cleared
13.1415 	EXP 	text_refresh: autoDraw = False
13.1415 	EXP 	text_refresh: autoDraw = False
13.1415 	EXP 	image_block_practice: image = 'faces/NEM6.bmp'
13.1415 	EXP 	image_block_practice: autoDraw = True
13.4447 	DATA 	Keypress: space
13.4521 	EXP 	image_block_practice: autoDraw = False
13.4521 	EXP 	text_refresh: autoDraw = True
13.6369 	EXP 	New trial (rep=0, index=18): <Trial 18 (18 in rep 0) data={'stimuli_no': 19, 'stimulus': 'faces/SAF20.bmp', 'valence': 'sad', 'sex': 'female', 'switch_condition': 's', 'BI_condition': 'nonBI', 'minus1_valence': 'neutral', 'minus2_valence': 'neutral', 'switch_type': 'ns', 'BI_type': 'nsn1', 'thisN': 18, 'thisTrialN': 18, 'thisRepN': 0}>
13.6503 	INFO 	Keyboard events cleared
13.6500 	EXP 	text_refresh: autoDraw = False
13.6500 	EXP 	text_refresh: autoDraw = False
13.6500 	EXP 	image_block_practice: image = 'faces/SAF20.bmp'
13.6500 	EXP 	image_block_practice: autoDraw = True
14.0071 	DATA 	Keypress: space
14.0104 	EXP 	image_block_practice: autoDraw = False
14.0104 	EXP 	text_refresh: autoDraw = True
14.2038 	EXP 	New trial (rep=0, index=19): <Trial 19 (19 in rep 0) data={'stimuli_no': 20, 'stimulus': 'faces/NEM15.bmp', 'valence': 'neutral', 'sex': 'male', 'switch_condition': 's', 'BI_condition': 'BI', 'minus1_valence': 'sad', 'minus2_valence': 'neutral', 'switch_type': 'sn', 'BI_type': 'nsn', 'thisN': 19, 'thisTrialN': 19, 'thisRepN': 0}>
14.2099 	INFO 	Keyboard events cleared
14.2097 	EXP 	text_refresh: autoDraw = False
14.2097 	EXP 	text_refresh: autoDraw = False
14.2097 	EXP 	image_block_practice: image = 'faces/NEM15.bmp'
14.2097 	EXP 	image_block_practice: autoDraw = True
14.5113 	DATA 	Keypress: space
14.5189 	EXP 	image_block_practice: autoDraw = False
14.5189 	EXP 	text_refresh: autoDraw = True
14.7037 	EXP 	New trial (rep=0, index=20): <Trial 20 (20 in rep 0) data={'stimuli_no': 21, 'stimulus': 'faces/NEM59.bmp', 'valence': 'neutral', 'sex': 'male', 'switch_condition': 'ns', 'BI_condition': 'nonBI', 'minus1_valence': 'neutral', 'minus2_valence': 'sad', 'switch_type': 'nn', 'BI_type': 'non', 'thisN': 20, 'thisTrialN': 20, 'thisRepN': 0}>
14.7098 	INFO 	Keyboard events cleared
14.7096 	EXP 	text_refresh: autoDraw = False
14.7096 	EXP 	text_refresh: autoDraw = False
14.7096 	EXP 	image_block_practice: image = 'faces/NEM59.bmp'
14.7096 	EXP 	image_block_practice: autoDraw = True
15.0740 	DATA 	Keypress: space
15.0772 	EXP 	image_block_practice: autoDraw = False
15.0772 	EXP 	text_refresh: autoDraw = True
15.2705 	EXP 	New trial (rep=0, index=21): <Trial 21 (21 in rep 0) data={'stimuli_no': 22, 'stimulus': 'faces/SAF32.bmp', 'valence': 'sad', 'sex': 'female', 'switch_condition': 's', 'BI_condition': 'nonBI', 'minus1_valence': 'neutral', 'minus2_valence': 'neutral', 'switch_type': 'ns', 'BI_type': 'non', 'thisN': 21, 'thisTrialN': 21, 'thisRepN': 0}>
15.2841 	INFO 	Keyboard events cleared
15.2839 	EXP 	text_refresh: autoDraw = False
15.2839 	EXP 	text_refresh: autoDraw = False
15.2839 	EXP 	image_block_practice: image = 'faces/SAF32.bmp'
15.2839 	EXP 	image_block_practice: autoDraw = True
15.5230 	DATA 	Keypress: space
15.5262 	EXP 	image_block_practice: autoDraw = False
15.5262 	EXP 	text_refresh: autoDraw = True
15.7358 	EXP 	text_refresh: autoDraw = False
15.7358 	EXP 	text_refresh: autoDraw = False
15.7358 	EXP 	text_answer_block_practice: autoDraw = True
15.7358 	EXP 	textbox_answer_block_practice1: autoDraw = True
15.7358 	EXP 	textbox_answer_block_practice2: autoDraw = True
15.7358 	EXP 	textbox_answer_block_practice3: autoDraw = True
15.7358 	EXP 	button_text_block_practice: autoDraw = True
16.1853 	WARNING 	t of last frame was 22.74ms (=1/43)
18.1379 	DEBUG 	TextBox2 loaded 1 chars with 0 blanks and 1 valid
18.1380 	DEBUG 	Uploading Texture Font fontname to graphics card
18.1395 	DEBUG 	Upload of Texture Font fontname complete
18.1397 	DATA 	Keypress: 4
18.6020 	WARNING 	t of last frame was 22.00ms (=1/45)
19.5209 	DATA 	Keypress: backspace
19.6022 	WARNING 	t of last frame was 22.43ms (=1/44)
19.6880 	DEBUG 	TextBox2 loaded 1 chars with 0 blanks and 1 valid
19.6882 	DEBUG 	Uploading Texture Font fontname to graphics card
19.6898 	DEBUG 	Upload of Texture Font fontname complete
19.6901 	DATA 	Keypress: 6
20.7294 	DATA 	Mouse: Left button down, pos=(399,292)
20.8064 	DATA 	Mouse:  Left button up, pos=(399,292)
22.1918 	DEBUG 	TextBox2 loaded 1 chars with 0 blanks and 1 valid
22.1919 	DEBUG 	Uploading Texture Font fontname to graphics card
22.1945 	DEBUG 	Upload of Texture Font fontname complete
22.1947 	DATA 	Keypress: 8
22.2187 	WARNING 	Multiple dropped frames have occurred - I'll stop bothering you about them!
23.1035 	DATA 	Mouse: Left button down, pos=(418,298)
23.1898 	DATA 	Mouse:  Left button up, pos=(418,298)
23.5368 	DATA 	Mouse: Left button down, pos=(422,284)
23.6096 	DATA 	Mouse:  Left button up, pos=(422,284)
24.0701 	DATA 	Mouse: Left button down, pos=(431,283)
24.1867 	DATA 	Mouse:  Left button up, pos=(431,283)
24.3926 	DATA 	Mouse: Left button down, pos=(429,282)
24.5144 	DATA 	Mouse:  Left button up, pos=(429,282)
24.8295 	DATA 	Mouse: Left button down, pos=(428,274)
24.9295 	DATA 	Mouse:  Left button up, pos=(428,274)
25.2702 	DATA 	Mouse: Left button down, pos=(423,319)
25.3629 	DATA 	Mouse:  Left button up, pos=(423,319)
25.5963 	DATA 	Mouse: Left button down, pos=(431,324)
25.7034 	DATA 	Mouse:  Left button up, pos=(431,324)
25.9316 	DATA 	Mouse: Left button down, pos=(395,296)
26.0301 	DATA 	Mouse:  Left button up, pos=(395,296)
26.2701 	DATA 	Mouse: Left button down, pos=(387,289)
26.3701 	DATA 	Mouse:  Left button up, pos=(386,289)
26.5405 	DATA 	Mouse: Left button down, pos=(366,290)
26.6295 	DATA 	Mouse:  Left button up, pos=(366,290)
27.0903 	DATA 	Mouse: Left button down, pos=(421,282)
27.1868 	DATA 	Mouse:  Left button up, pos=(421,282)
27.4130 	DATA 	Mouse: Left button down, pos=(429,277)
27.5034 	DATA 	Mouse:  Left button up, pos=(429,278)
27.8927 	DATA 	Mouse: Left button down, pos=(509,299)
27.9869 	DATA 	Mouse:  Left button up, pos=(509,299)
28.6962 	DATA 	Mouse: Left button down, pos=(418,302)
28.7902 	DATA 	Mouse:  Left button up, pos=(418,302)
29.0571 	DATA 	Mouse: Left button down, pos=(390,297)
29.1470 	DATA 	Mouse:  Left button up, pos=(390,297)
29.5297 	DATA 	Mouse: Left button down, pos=(419,327)
29.6463 	DATA 	Mouse:  Left button up, pos=(419,327)
29.9737 	DATA 	Mouse: Left button down, pos=(429,318)
30.0737 	DATA 	Mouse:  Left button up, pos=(429,318)
30.8538 	DATA 	Mouse: Left button down, pos=(426,280)
30.9736 	DATA 	Mouse:  Left button up, pos=(426,281)
31.3600 	DATA 	Mouse: Left button down, pos=(426,275)
31.4703 	DATA 	Mouse:  Left button up, pos=(426,275)
32.0539 	DATA 	Mouse: Left button down, pos=(392,275)
32.1404 	DATA 	Mouse:  Left button up, pos=(392,275)
32.8130 	DATA 	Mouse: Left button down, pos=(372,282)
32.9075 	DATA 	Mouse:  Left button up, pos=(373,283)
34.0206 	DATA 	Mouse: Left button down, pos=(428,278)
34.1406 	DATA 	Mouse:  Left button up, pos=(428,278)
34.5469 	DATA 	Mouse: Left button down, pos=(430,276)
34.6738 	DATA 	Mouse:  Left button up, pos=(430,277)
35.1239 	DATA 	Mouse: Left button down, pos=(431,299)
35.2073 	DATA 	Mouse:  Left button up, pos=(431,299)
35.4268 	DATA 	Mouse: Left button down, pos=(413,299)
35.5209 	DATA 	Mouse:  Left button up, pos=(413,299)
35.7604 	DATA 	Mouse: Left button down, pos=(395,293)
35.8573 	DATA 	Mouse:  Left button up, pos=(396,294)
36.2741 	DATA 	Mouse: Left button down, pos=(503,298)
36.3708 	DATA 	Mouse:  Left button up, pos=(503,298)
36.8720 	DATA 	Keypress: 8
38.5725 	DATA 	Keypress: backspace
38.7487 	DEBUG 	TextBox2 loaded 1 chars with 0 blanks and 1 valid
38.7488 	DEBUG 	Uploading Texture Font fontname to graphics card
38.7514 	DEBUG 	Upload of Texture Font fontname complete
38.7517 	DATA 	Keypress: 7
39.6242 	DATA 	Mouse: Left button down, pos=(361,299)
39.6877 	DATA 	Mouse:  Left button up, pos=(361,299)
39.8876 	DATA 	Mouse: Left button down, pos=(393,297)
39.9710 	DATA 	Mouse:  Left button up, pos=(394,297)
40.0878 	DATA 	Mouse: Left button down, pos=(392,295)
40.1601 	DATA 	Mouse:  Left button up, pos=(392,296)
40.3933 	DATA 	Mouse: Left button down, pos=(392,330)
40.5298 	DATA 	Mouse:  Left button up, pos=(392,330)
40.7573 	DATA 	Mouse: Left button down, pos=(396,323)
40.8710 	DATA 	Mouse:  Left button up, pos=(396,323)
41.3378 	DATA 	Mouse: Left button down, pos=(407,298)
41.4073 	DATA 	Mouse:  Left button up, pos=(407,297)
42.1212 	DATA 	Mouse: Left button down, pos=(422,279)
42.2211 	DATA 	Mouse:  Left button up, pos=(422,279)
42.4434 	DATA 	Mouse: Left button down, pos=(434,275)
42.5602 	DATA 	Mouse:  Left button up, pos=(434,276)
42.8409 	DATA 	Mouse: Left button down, pos=(451,348)
42.9635 	DATA 	Mouse:  Left button up, pos=(451,348)
43.2300 	DATA 	Mouse: Left button down, pos=(418,412)
43.3043 	DATA 	Mouse:  Left button up, pos=(417,413)
43.7137 	DATA 	Mouse: Left button down, pos=(343,483)
43.7878 	DATA 	Mouse:  Left button up, pos=(330,485)
44.3462 	DATA 	Mouse: Left button down, pos=(399,296)
44.4546 	DATA 	Mouse:  Left button up, pos=(399,296)
44.8078 	DATA 	Mouse: Left button down, pos=(392,298)
44.9075 	DATA 	Mouse:  Left button up, pos=(392,298)
45.9580 	DATA 	Mouse: Left button down, pos=(382,279)
46.0607 	DATA 	Mouse:  Left button up, pos=(382,279)
46.4436 	DATA 	Mouse: Left button down, pos=(378,279)
46.5576 	DATA 	Mouse:  Left button up, pos=(378,279)
46.8633 	DATA 	Mouse: Left button down, pos=(411,280)
46.9576 	DATA 	Mouse:  Left button up, pos=(411,280)
47.0966 	DATA 	Mouse: Left button down, pos=(414,285)
47.1744 	DATA 	Mouse:  Left button up, pos=(414,285)
47.3213 	DATA 	Mouse: Left button down, pos=(421,287)
47.3879 	DATA 	Mouse:  Left button up, pos=(423,289)
47.5215 	DATA 	Mouse: Left button down, pos=(425,294)
47.6212 	DATA 	Mouse:  Left button up, pos=(427,295)
47.7441 	DATA 	Mouse: Left button down, pos=(428,295)
47.8607 	DATA 	Mouse:  Left button up, pos=(429,296)
47.9745 	DATA 	Mouse: Left button down, pos=(429,296)
48.1046 	DATA 	Mouse:  Left button up, pos=(429,296)
48.2381 	DATA 	Mouse: Left button down, pos=(429,296)
48.3747 	DATA 	Mouse:  Left button up, pos=(434,289)
48.5248 	DATA 	Mouse: Left button down, pos=(433,285)
48.6078 	DATA 	Mouse:  Left button up, pos=(433,285)
48.7435 	DATA 	Mouse: Left button down, pos=(427,284)
48.8084 	DATA 	Mouse:  Left button up, pos=(427,284)
49.4217 	DATA 	Mouse: Left button down, pos=(334,289)
49.5140 	DATA 	Mouse:  Left button up, pos=(334,289)
50.0775 	DATA 	Mouse: Left button down, pos=(401,298)
50.1748 	DATA 	Mouse:  Left button up, pos=(403,298)
50.5138 	DATA 	Mouse: Left button down, pos=(425,295)
50.6050 	DATA 	Mouse:  Left button up, pos=(425,295)
50.7580 	DATA 	Mouse: Left button down, pos=(389,298)
50.8550 	DATA 	Mouse:  Left button up, pos=(388,298)
50.9742 	DATA 	Mouse: Left button down, pos=(379,297)
51.0551 	DATA 	Mouse:  Left button up, pos=(379,298)
51.2080 	DATA 	Mouse: Left button down, pos=(377,307)
51.3108 	DATA 	Mouse:  Left button up, pos=(378,309)
51.4550 	DATA 	Mouse: Left button down, pos=(375,317)
51.5642 	DATA 	Mouse:  Left button up, pos=(375,317)
51.7082 	DATA 	Mouse: Left button down, pos=(373,318)
51.8142 	DATA 	Mouse:  Left button up, pos=(373,319)
51.9383 	DATA 	Mouse: Left button down, pos=(372,320)
52.0384 	DATA 	Mouse:  Left button up, pos=(372,320)
52.1469 	DATA 	Mouse: Left button down, pos=(372,320)
52.2613 	DATA 	Mouse:  Left button up, pos=(372,320)
52.3717 	DATA 	Mouse: Left button down, pos=(372,320)
52.4716 	DATA 	Mouse:  Left button up, pos=(372,321)
52.6415 	DATA 	Mouse: Left button down, pos=(371,321)
52.7717 	DATA 	Mouse:  Left button up, pos=(371,321)
52.9217 	DATA 	Mouse: Left button down, pos=(371,321)
53.0248 	DATA 	Mouse:  Left button up, pos=(371,321)
53.1550 	DATA 	Mouse: Left button down, pos=(372,321)
53.2446 	DATA 	Mouse:  Left button up, pos=(388,322)
53.3419 	DATA 	Mouse: Left button down, pos=(409,316)
53.4413 	DATA 	Mouse:  Left button up, pos=(409,316)
53.5582 	DATA 	Mouse: Left button down, pos=(409,314)
53.6583 	DATA 	Mouse:  Left button up, pos=(409,312)
53.7885 	DATA 	Mouse: Left button down, pos=(407,298)
53.8716 	DATA 	Mouse:  Left button up, pos=(407,297)
53.9916 	DATA 	Mouse: Left button down, pos=(408,295)
54.0717 	DATA 	Mouse:  Left button up, pos=(408,294)
54.1885 	DATA 	Mouse: Left button down, pos=(412,291)
54.2749 	DATA 	Mouse:  Left button up, pos=(417,287)
54.3804 	DATA 	Mouse: Left button down, pos=(420,286)
54.4643 	DATA 	Mouse:  Left button up, pos=(422,286)
54.5586 	DATA 	Mouse: Left button down, pos=(428,282)
54.6552 	DATA 	Mouse:  Left button up, pos=(428,281)
54.7472 	DATA 	Mouse: Left button down, pos=(427,279)
54.8415 	DATA 	Mouse:  Left button up, pos=(427,279)
54.9250 	DATA 	Mouse: Left button down, pos=(428,277)
55.0111 	DATA 	Mouse:  Left button up, pos=(429,277)
55.1053 	DATA 	Mouse: Left button down, pos=(430,275)
55.2053 	DATA 	Mouse:  Left button up, pos=(430,275)
55.2885 	DATA 	Mouse: Left button down, pos=(431,275)
55.4053 	DATA 	Mouse:  Left button up, pos=(431,275)
56.3639 	DATA 	Mouse: Left button down, pos=(492,285)
56.4583 	DATA 	Mouse:  Left button up, pos=(492,285)
56.8774 	DATA 	Mouse: Left button down, pos=(381,286)
56.9837 	DATA 	Mouse:  Left button up, pos=(381,286)
57.2721 	DATA 	Mouse: Left button down, pos=(418,290)
57.3554 	DATA 	Mouse:  Left button up, pos=(418,290)
57.9920 	DATA 	Mouse: Left button down, pos=(412,296)
58.0887 	DATA 	Mouse:  Left button up, pos=(412,296)
58.2473 	DATA 	Mouse: Left button down, pos=(400,293)
58.3479 	DATA 	Mouse:  Left button up, pos=(399,293)
58.8419 	DATA 	Mouse: Left button down, pos=(404,284)
58.9554 	DATA 	Mouse:  Left button up, pos=(404,284)
59.6644 	DATA 	Mouse: Left button down, pos=(404,279)
59.7590 	DATA 	Mouse:  Left button up, pos=(404,279)
60.3722 	DATA 	Mouse: Left button down, pos=(405,282)
60.4814 	DATA 	Mouse:  Left button up, pos=(405,282)
60.6556 	DATA 	Mouse: Left button down, pos=(414,281)
60.7477 	DATA 	Mouse:  Left button up, pos=(414,281)
60.9057 	DATA 	Mouse: Left button down, pos=(433,281)
60.9918 	DATA 	Mouse:  Left button up, pos=(433,281)
61.1723 	DATA 	Mouse: Left button down, pos=(434,278)
61.2585 	DATA 	Mouse:  Left button up, pos=(434,278)
61.4224 	DATA 	Mouse: Left button down, pos=(435,269)
61.5419 	DATA 	Mouse:  Left button up, pos=(435,269)
61.7253 	DATA 	Mouse: Left button down, pos=(424,275)
61.8178 	DATA 	Mouse:  Left button up, pos=(424,275)
61.9614 	DATA 	Mouse: Left button down, pos=(414,277)
62.0556 	DATA 	Mouse:  Left button up, pos=(414,277)
62.1890 	DATA 	Mouse: Left button down, pos=(406,282)
62.2889 	DATA 	Mouse:  Left button up, pos=(406,282)
62.4057 	DATA 	Mouse: Left button down, pos=(407,286)
62.5088 	DATA 	Mouse:  Left button up, pos=(407,286)
62.6311 	DATA 	Mouse: Left button down, pos=(403,290)
62.7313 	DATA 	Mouse:  Left button up, pos=(403,290)
62.8477 	DATA 	Mouse: Left button down, pos=(403,291)
62.9479 	DATA 	Mouse:  Left button up, pos=(403,291)
63.3644 	DATA 	Mouse: Left button down, pos=(407,324)
63.4587 	DATA 	Mouse:  Left button up, pos=(407,324)
64.0890 	DATA 	Mouse: Left button down, pos=(585,416)
64.1982 	DATA 	Mouse:  Left button up, pos=(585,416)
64.6481 	DATA 	Mouse: Right button down, pos=(628,385)
64.7590 	DATA 	Mouse:  Right button up, pos=(627,383)
65.1725 	DATA 	Mouse: Left button down, pos=(385,297)
65.2890 	DATA 	Mouse:  Left button up, pos=(385,297)
65.4477 	DATA 	Mouse: Left button down, pos=(411,301)
65.5484 	DATA 	Mouse:  Left button up, pos=(411,303)
65.6756 	DATA 	Mouse: Left button down, pos=(407,313)
65.7588 	DATA 	Mouse:  Left button up, pos=(407,313)
66.1726 	DATA 	Mouse: Left button down, pos=(403,296)
66.2784 	DATA 	Mouse:  Left button up, pos=(403,296)
66.9894 	DATA 	Mouse: Left button down, pos=(400,293)
67.1283 	DATA 	Mouse:  Left button up, pos=(400,293)
67.9108 	DEBUG 	TextBox2 loaded 1 chars with 0 blanks and 1 valid
67.9109 	DEBUG 	Uploading Texture Font fontname to graphics card
67.9137 	DEBUG 	Upload of Texture Font fontname complete
67.9140 	DATA 	Keypress: 5
68.3257 	DATA 	Mouse: Left button down, pos=(416,298)
68.4562 	DATA 	Mouse:  Left button up, pos=(416,298)
68.7730 	DATA 	Mouse: Left button down, pos=(419,298)
68.8652 	DATA 	Mouse:  Left button up, pos=(419,298)
69.0090 	DATA 	Mouse: Left button down, pos=(401,294)
69.1089 	DATA 	Mouse:  Left button up, pos=(401,294)
69.2479 	DATA 	Mouse: Left button down, pos=(393,294)
69.3424 	DATA 	Mouse:  Left button up, pos=(393,296)
69.4926 	DATA 	Mouse: Left button down, pos=(386,298)
69.5455 	DATA 	Mouse:  Left button up, pos=(384,298)
69.6980 	DATA 	Mouse: Left button down, pos=(378,303)
69.7821 	DATA 	Mouse:  Left button up, pos=(378,304)
69.9395 	DATA 	Mouse: Left button down, pos=(376,324)
70.0594 	DATA 	Mouse:  Left button up, pos=(376,324)
70.8078 	DEBUG 	TextBox2 loaded 1 chars with 0 blanks and 1 valid
70.8079 	DEBUG 	Uploading Texture Font fontname to graphics card
70.8096 	DEBUG 	Upload of Texture Font fontname complete
70.8099 	DATA 	Keypress: 3
73.5787 	DATA 	Keypress: backspace
73.7772 	DATA 	Keypress: 8
75.7926 	DATA 	Mouse: Left button down, pos=(413,89)
75.8054 	EXP 	text_answer_block_practice: autoDraw = False
75.8054 	EXP 	textbox_answer_block_practice1: autoDraw = False
75.8054 	EXP 	textbox_answer_block_practice2: autoDraw = False
75.8054 	EXP 	textbox_answer_block_practice3: autoDraw = False
75.8054 	EXP 	button_text_block_practice: autoDraw = False
75.8054 	EXP 	text_refresh: autoDraw = True
75.8769 	DATA 	Mouse:  Left button up, pos=(413,89)
76.0059 	INFO 	Keyboard events cleared
76.0056 	EXP 	text_refresh: autoDraw = False
76.0056 	EXP 	text_refresh: autoDraw = False
76.0056 	EXP 	text_feedback_block_practice: height = 0.05
76.0056 	EXP 	text_feedback_block_practice: height = 0.05
76.0056 	EXP 	text_feedback_block_practice: height = 0.05
76.0056 	EXP 	text_feedback_block_practice: text = '你答对了2种表情的面孔数目。'
76.0056 	EXP 	text_feedback_block_practice: autoDraw = True
76.0056 	EXP 	text_feedback_note_practice: autoDraw = True
77.6394 	EXP 	text_feedback_block_practice: autoDraw = False
77.6394 	EXP 	text_feedback_note_practice: autoDraw = False
77.6394 	EXP 	text_refresh: autoDraw = True
77.6427 	DATA 	Keypress: space
77.8292 	INFO 	Keyboard events cleared
77.8289 	EXP 	text_refresh: autoDraw = False
77.8289 	EXP 	text_refresh: autoDraw = False
77.8289 	EXP 	image_continue_check: autoDraw = True
79.1151 	DATA 	Keypress: space
79.1226 	EXP 	image_continue_check: autoDraw = False
79.1226 	EXP 	text_refresh: autoDraw = True
79.3113 	INFO 	Keyboard events cleared
79.3111 	EXP 	text_refresh: autoDraw = False
79.3111 	EXP 	text_refresh: autoDraw = False
79.3111 	EXP 	image_primary_welcome: autoDraw = True
80.1646 	DATA 	Keypress: space
80.1728 	EXP 	image_primary_welcome: autoDraw = False
80.1728 	EXP 	text_refresh: autoDraw = True
80.3631 	DEBUG 	Read excel file with openpyxl: loop_block.xlsx
80.3637 	EXP 	Imported loop_block.xlsx as conditions, 25 conditions, 2 params
80.3640 	EXP 	New trial (rep=0, index=0): <Trial 0 (0 in rep 0) data={'block_file': 'block_1.xlsx', 'correct_answer': 685, 'thisN': 0, 'thisTrialN': 0, 'thisRepN': 0}>
80.3673 	EXP 	text_refresh: autoDraw = False
80.3673 	EXP 	text_refresh: autoDraw = False
80.3673 	EXP 	text_fixation: autoDraw = True
81.3610 	DEBUG 	Read excel file with openpyxl: block_1.xlsx
81.3631 	EXP 	Imported block_1.xlsx as conditions, 19 conditions, 10 params
81.3634 	EXP 	New trial (rep=0, index=0): <Trial 0 (0 in rep 0) data={'stimuli_no': 1, 'stimulus': 'faces/SAF20.bmp', 'valence': 'sad', 'sex': 'female', 'switch_condition': 'begin', 'BI_condition': 'nonBI', 'minus1_valence': 'non', 'minus2_valence': 'non', 'switch_type': 'begin', 'BI_type': 'non', 'thisN': 0, 'thisTrialN': 0, 'thisRepN': 0}>
81.3756 	INFO 	Keyboard events cleared
81.3754 	EXP 	text_fixation: autoDraw = False
81.3754 	EXP 	text_fixation: autoDraw = False
81.3754 	EXP 	image_block: image = 'faces/SAF20.bmp'
81.3754 	EXP 	image_block: autoDraw = True
81.8112 	DATA 	Keypress: space
81.8142 	EXP 	image_block: autoDraw = False
81.8142 	EXP 	text_refresh: autoDraw = True
82.0076 	EXP 	New trial (rep=0, index=1): <Trial 1 (1 in rep 0) data={'stimuli_no': 2, 'stimulus': 'faces/NEF15.bmp', 'valence': 'neutral', 'sex': 'female', 'switch_condition': 's', 'BI_condition': 'nonBI', 'minus1_valence': 'sad', 'minus2_valence': 'non', 'switch_type': 'sn', 'BI_type': 'snh1', 'thisN': 1, 'thisTrialN': 1, 'thisRepN': 0}>
82.0139 	INFO 	Keyboard events cleared
82.0137 	EXP 	text_refresh: autoDraw = False
82.0137 	EXP 	text_refresh: autoDraw = False
82.0137 	EXP 	image_block: image = 'faces/NEF15.bmp'
82.0137 	EXP 	image_block: autoDraw = True
82.3273 	DATA 	Keypress: space
82.3301 	EXP 	image_block: autoDraw = False
82.3301 	EXP 	text_refresh: autoDraw = True
82.5244 	EXP 	New trial (rep=0, index=2): <Trial 2 (2 in rep 0) data={'stimuli_no': 3, 'stimulus': 'faces/HAF118.bmp', 'valence': 'happy', 'sex': 'female', 'switch_condition': 's', 'BI_condition': 'control', 'minus1_valence': 'neutral', 'minus2_valence': 'sad', 'switch_type': 'nh', 'BI_type': 'snh', 'thisN': 2, 'thisTrialN': 2, 'thisRepN': 0}>
82.5377 	INFO 	Keyboard events cleared
82.5375 	EXP 	text_refresh: autoDraw = False
82.5375 	EXP 	text_refresh: autoDraw = False
82.5375 	EXP 	image_block: image = 'faces/HAF118.bmp'
82.5375 	EXP 	image_block: autoDraw = True
82.8279 	DATA 	Keypress: space
82.8313 	EXP 	image_block: autoDraw = False
82.8313 	EXP 	text_refresh: autoDraw = True
83.0247 	EXP 	New trial (rep=0, index=3): <Trial 3 (3 in rep 0) data={'stimuli_no': 4, 'stimulus': 'faces/HAM1.bmp', 'valence': 'happy', 'sex': 'male', 'switch_condition': 'ns', 'BI_condition': 'nonBI', 'minus1_valence': 'happy', 'minus2_valence': 'neutral', 'switch_type': 'hh', 'BI_type': 'non', 'thisN': 3, 'thisTrialN': 3, 'thisRepN': 0}>
83.0295 	INFO 	Keyboard events cleared
83.0293 	EXP 	text_refresh: autoDraw = False
83.0293 	EXP 	text_refresh: autoDraw = False
83.0293 	EXP 	image_block: image = 'faces/HAM1.bmp'
83.0293 	EXP 	image_block: autoDraw = True
83.2940 	DATA 	Keypress: space
83.2970 	EXP 	image_block: autoDraw = False
83.2970 	EXP 	text_refresh: autoDraw = True
83.4912 	EXP 	New trial (rep=0, index=4): <Trial 4 (4 in rep 0) data={'stimuli_no': 5, 'stimulus': 'faces/NEM11.bmp', 'valence': 'neutral', 'sex': 'male', 'switch_condition': 's', 'BI_condition': 'nonBI', 'minus1_valence': 'happy', 'minus2_valence': 'happy', 'switch_type': 'hn', 'BI_type': 'hnh1', 'thisN': 4, 'thisTrialN': 4, 'thisRepN': 0}>
83.4969 	INFO 	Keyboard events cleared
83.4968 	EXP 	text_refresh: autoDraw = False
83.4968 	EXP 	text_refresh: autoDraw = False
83.4968 	EXP 	image_block: image = 'faces/NEM11.bmp'
83.4968 	EXP 	image_block: autoDraw = True
83.7954 	EXP 	image_block: autoDraw = False
83.7954 	EXP 	text_refresh: autoDraw = True
83.7987 	DATA 	Keypress: space
83.9915 	EXP 	New trial (rep=0, index=5): <Trial 5 (5 in rep 0) data={'stimuli_no': 6, 'stimulus': 'faces/HAM2.bmp', 'valence': 'happy', 'sex': 'male', 'switch_condition': 's', 'BI_condition': 'BI', 'minus1_valence': 'neutral', 'minus2_valence': 'happy', 'switch_type': 'nh', 'BI_type': 'hnh', 'thisN': 5, 'thisTrialN': 5, 'thisRepN': 0}>
83.9980 	INFO 	Keyboard events cleared
83.9978 	EXP 	text_refresh: autoDraw = False
83.9978 	EXP 	text_refresh: autoDraw = False
83.9978 	EXP 	image_block: image = 'faces/HAM2.bmp'
83.9978 	EXP 	image_block: autoDraw = True
84.2615 	EXP 	image_block: autoDraw = False
84.2615 	EXP 	text_refresh: autoDraw = True
84.2648 	DATA 	Keypress: space
84.4580 	EXP 	New trial (rep=0, index=6): <Trial 6 (6 in rep 0) data={'stimuli_no': 7, 'stimulus': 'faces/HAF122.bmp', 'valence': 'happy', 'sex': 'female', 'switch_condition': 'ns', 'BI_condition': 'nonBI', 'minus1_valence': 'happy', 'minus2_valence': 'neutral', 'switch_type': 'hh', 'BI_type': 'non', 'thisN': 6, 'thisTrialN': 6, 'thisRepN': 0}>
84.4693 	INFO 	Keyboard events cleared
84.4691 	EXP 	text_refresh: autoDraw = False
84.4691 	EXP 	text_refresh: autoDraw = False
84.4691 	EXP 	image_block: image = 'faces/HAF122.bmp'
84.4691 	EXP 	image_block: autoDraw = True
84.7357 	EXP 	image_block: autoDraw = False
84.7357 	EXP 	text_refresh: autoDraw = True
84.7386 	DATA 	Keypress: space
84.9240 	EXP 	New trial (rep=0, index=7): <Trial 7 (7 in rep 0) data={'stimuli_no': 8, 'stimulus': 'faces/SAM10.bmp', 'valence': 'sad', 'sex': 'male', 'switch_condition': 's', 'BI_condition': 'nonBI', 'minus1_valence': 'happy', 'minus2_valence': 'happy', 'switch_type': 'hs', 'BI_type': 'hsn1', 'thisN': 7, 'thisTrialN': 7, 'thisRepN': 0}>
84.9295 	INFO 	Keyboard events cleared
84.9293 	EXP 	text_refresh: autoDraw = False
84.9293 	EXP 	text_refresh: autoDraw = False
84.9293 	EXP 	image_block: image = 'faces/SAM10.bmp'
84.9293 	EXP 	image_block: autoDraw = True
85.3780 	DATA 	Keypress: space
85.3813 	EXP 	image_block: autoDraw = False
85.3813 	EXP 	text_refresh: autoDraw = True
85.5743 	EXP 	New trial (rep=0, index=8): <Trial 8 (8 in rep 0) data={'stimuli_no': 9, 'stimulus': 'faces/NEM14.bmp', 'valence': 'neutral', 'sex': 'male', 'switch_condition': 's', 'BI_condition': 'control', 'minus1_valence': 'sad', 'minus2_valence': 'happy', 'switch_type': 'sn', 'BI_type': 'hsn', 'thisN': 8, 'thisTrialN': 8, 'thisRepN': 0}>
85.5798 	INFO 	Keyboard events cleared
85.5796 	EXP 	text_refresh: autoDraw = False
85.5796 	EXP 	text_refresh: autoDraw = False
85.5796 	EXP 	image_block: image = 'faces/NEM14.bmp'
85.5796 	EXP 	image_block: autoDraw = True
85.8111 	DATA 	Keypress: space
85.8142 	EXP 	image_block: autoDraw = False
85.8142 	EXP 	text_refresh: autoDraw = True
86.0081 	EXP 	New trial (rep=0, index=9): <Trial 9 (9 in rep 0) data={'stimuli_no': 10, 'stimulus': 'faces/NEF35.bmp', 'valence': 'neutral', 'sex': 'female', 'switch_condition': 'ns', 'BI_condition': 'nonBI', 'minus1_valence': 'neutral', 'minus2_valence': 'sad', 'switch_type': 'nn', 'BI_type': 'non', 'thisN': 9, 'thisTrialN': 9, 'thisRepN': 0}>
86.0121 	INFO 	Keyboard events cleared
86.0119 	EXP 	text_refresh: autoDraw = False
86.0119 	EXP 	text_refresh: autoDraw = False
86.0119 	EXP 	image_block: image = 'faces/NEF35.bmp'
86.0119 	EXP 	image_block: autoDraw = True
86.3607 	DATA 	Keypress: space
86.3636 	EXP 	image_block: autoDraw = False
86.3636 	EXP 	text_refresh: autoDraw = True
86.5583 	EXP 	New trial (rep=0, index=10): <Trial 10 (10 in rep 0) data={'stimuli_no': 11, 'stimulus': 'faces/HAF1.bmp', 'valence': 'happy', 'sex': 'female', 'switch_condition': 's', 'BI_condition': 'nonBI', 'minus1_valence': 'neutral', 'minus2_valence': 'neutral', 'switch_type': 'nh', 'BI_type': 'nhn1', 'thisN': 10, 'thisTrialN': 10, 'thisRepN': 0}>
86.5639 	INFO 	Keyboard events cleared
86.5637 	EXP 	text_refresh: autoDraw = False
86.5637 	EXP 	text_refresh: autoDraw = False
86.5637 	EXP 	image_block: image = 'faces/HAF1.bmp'
86.5637 	EXP 	image_block: autoDraw = True
86.8436 	DATA 	Keypress: space
86.8461 	EXP 	image_block: autoDraw = False
86.8461 	EXP 	text_refresh: autoDraw = True
87.0417 	EXP 	New trial (rep=0, index=11): <Trial 11 (11 in rep 0) data={'stimuli_no': 12, 'stimulus': 'faces/NEF45.bmp', 'valence': 'neutral', 'sex': 'female', 'switch_condition': 's', 'BI_condition': 'BI', 'minus1_valence': 'happy', 'minus2_valence': 'neutral', 'switch_type': 'hn', 'BI_type': 'nhn', 'thisN': 11, 'thisTrialN': 11, 'thisRepN': 0}>
87.0480 	INFO 	Keyboard events cleared
87.0478 	EXP 	text_refresh: autoDraw = False
87.0478 	EXP 	text_refresh: autoDraw = False
87.0478 	EXP 	image_block: image = 'faces/NEF45.bmp'
87.0478 	EXP 	image_block: autoDraw = True
87.3565 	EXP 	image_block: autoDraw = False
87.3565 	EXP 	text_refresh: autoDraw = True
87.3601 	DATA 	Keypress: space
87.5414 	EXP 	New trial (rep=0, index=12): <Trial 12 (12 in rep 0) data={'stimuli_no': 13, 'stimulus': 'faces/NEM15.bmp', 'valence': 'neutral', 'sex': 'male', 'switch_condition': 'ns', 'BI_condition': 'nonBI', 'minus1_valence': 'neutral', 'minus2_valence': 'happy', 'switch_type': 'nn', 'BI_type': 'non', 'thisN': 12, 'thisTrialN': 12, 'thisRepN': 0}>
87.5458 	INFO 	Keyboard events cleared
87.5455 	EXP 	text_refresh: autoDraw = False
87.5455 	EXP 	text_refresh: autoDraw = False
87.5455 	EXP 	image_block: image = 'faces/NEM15.bmp'
87.5455 	EXP 	image_block: autoDraw = True
87.9269 	DATA 	Keypress: space
87.9294 	EXP 	image_block: autoDraw = False
87.9294 	EXP 	text_refresh: autoDraw = True
88.1251 	EXP 	New trial (rep=0, index=13): <Trial 13 (13 in rep 0) data={'stimuli_no': 14, 'stimulus': 'faces/SAM29.bmp', 'valence': 'sad', 'sex': 'male', 'switch_condition': 's', 'BI_condition': 'nonBI', 'minus1_valence': 'neutral', 'minus2_valence': 'neutral', 'switch_type': 'ns', 'BI_type': 'nsn1', 'thisN': 13, 'thisTrialN': 13, 'thisRepN': 0}>
88.1390 	INFO 	Keyboard events cleared
88.1388 	EXP 	text_refresh: autoDraw = False
88.1388 	EXP 	text_refresh: autoDraw = False
88.1388 	EXP 	image_block: image = 'faces/SAM29.bmp'
88.1388 	EXP 	image_block: autoDraw = True
88.5093 	DATA 	Keypress: space
88.5124 	EXP 	image_block: autoDraw = False
88.5124 	EXP 	text_refresh: autoDraw = True
88.7081 	EXP 	New trial (rep=0, index=14): <Trial 14 (14 in rep 0) data={'stimuli_no': 15, 'stimulus': 'faces/NEF60.bmp', 'valence': 'neutral', 'sex': 'female', 'switch_condition': 's', 'BI_condition': 'BI', 'minus1_valence': 'sad', 'minus2_valence': 'neutral', 'switch_type': 'sn', 'BI_type': 'nsn', 'thisN': 14, 'thisTrialN': 14, 'thisRepN': 0}>
88.7146 	INFO 	Keyboard events cleared
88.7144 	EXP 	text_refresh: autoDraw = False
88.7144 	EXP 	image_block: image = 'faces/NEF60.bmp'
88.7144 	EXP 	image_block: autoDraw = True
88.9945 	DATA 	Keypress: space
88.9975 	EXP 	image_block: autoDraw = False
88.9975 	EXP 	text_refresh: autoDraw = True
89.1912 	EXP 	New trial (rep=0, index=15): <Trial 15 (15 in rep 0) data={'stimuli_no': 16, 'stimulus': 'faces/SAF31.bmp', 'valence': 'sad', 'sex': 'female', 'switch_condition': 's', 'BI_condition': 'nonBI', 'minus1_valence': 'neutral', 'minus2_valence': 'sad', 'switch_type': 'ns', 'BI_type': 'non', 'thisN': 15, 'thisTrialN': 15, 'thisRepN': 0}>
89.2020 	INFO 	Keyboard events cleared
89.2018 	EXP 	text_refresh: autoDraw = False
89.2018 	EXP 	text_refresh: autoDraw = False
89.2018 	EXP 	image_block: image = 'faces/SAF31.bmp'
89.2018 	EXP 	image_block: autoDraw = True
89.5281 	DATA 	Keypress: space
89.5311 	EXP 	image_block: autoDraw = False
89.5311 	EXP 	text_refresh: autoDraw = True
89.7162 	EXP 	New trial (rep=0, index=16): <Trial 16 (16 in rep 0) data={'stimuli_no': 17, 'stimulus': 'faces/SAF32.bmp', 'valence': 'sad', 'sex': 'female', 'switch_condition': 'ns', 'BI_condition': 'nonBI', 'minus1_valence': 'sad', 'minus2_valence': 'neutral', 'switch_type': 'ss', 'BI_type': 'non', 'thisN': 16, 'thisTrialN': 16, 'thisRepN': 0}>
89.7263 	INFO 	Keyboard events cleared
89.7260 	EXP 	text_refresh: autoDraw = False
89.7260 	EXP 	text_refresh: autoDraw = False
89.7260 	EXP 	image_block: image = 'faces/SAF32.bmp'
89.7260 	EXP 	image_block: autoDraw = True
90.0281 	DATA 	Keypress: space
90.0311 	EXP 	image_block: autoDraw = False
90.0311 	EXP 	text_refresh: autoDraw = True
90.2249 	EXP 	New trial (rep=0, index=17): <Trial 17 (17 in rep 0) data={'stimuli_no': 18, 'stimulus': 'faces/HAM5.bmp', 'valence': 'happy', 'sex': 'male', 'switch_condition': 's', 'BI_condition': 'nonBI', 'minus1_valence': 'sad', 'minus2_valence': 'sad', 'switch_type': 'sh', 'BI_type': 'shn1', 'thisN': 17, 'thisTrialN': 17, 'thisRepN': 0}>
90.2312 	INFO 	Keyboard events cleared
90.2310 	EXP 	text_refresh: autoDraw = False
90.2310 	EXP 	text_refresh: autoDraw = False
90.2310 	EXP 	image_block: image = 'faces/HAM5.bmp'
90.2310 	EXP 	image_block: autoDraw = True
90.5621 	EXP 	image_block: autoDraw = False
90.5621 	EXP 	text_refresh: autoDraw = True
90.5655 	DATA 	Keypress: space
90.7582 	EXP 	New trial (rep=0, index=18): <Trial 18 (18 in rep 0) data={'stimuli_no': 19, 'stimulus': 'faces/NEF62.bmp', 'valence': 'neutral', 'sex': 'female', 'switch_condition': 's', 'BI_condition': 'control', 'minus1_valence': 'happy', 'minus2_valence': 'sad', 'switch_type': 'hn', 'BI_type': 'shn', 'thisN': 18, 'thisTrialN': 18, 'thisRepN': 0}>
90.7632 	INFO 	Keyboard events cleared
90.7630 	EXP 	text_refresh: autoDraw = False
90.7630 	EXP 	text_refresh: autoDraw = False
90.7630 	EXP 	image_block: image = 'faces/NEF62.bmp'
90.7630 	EXP 	image_block: autoDraw = True
91.0454 	DATA 	Keypress: space
91.0487 	EXP 	image_block: autoDraw = False
91.0487 	EXP 	text_refresh: autoDraw = True
91.2575 	EXP 	text_refresh: autoDraw = False
91.2575 	EXP 	text_refresh: autoDraw = False
91.2575 	EXP 	text_answer_block: autoDraw = True
91.2575 	EXP 	textbox_answer_block1: autoDraw = True
91.2575 	EXP 	textbox_answer_block2: autoDraw = True
91.2575 	EXP 	textbox_answer_block3: autoDraw = True
91.2575 	EXP 	button_answer_block: autoDraw = True
91.5193 	DATA 	Keypress: space
93.6087 	DATA 	Keypress: 5
93.9300 	DATA 	Mouse: Left button down, pos=(402,287)
93.9909 	DATA 	Mouse:  Left button up, pos=(402,287)
95.3314 	DATA 	Keypress: 8
95.6441 	DATA 	Mouse: Left button down, pos=(489,292)
95.7244 	DATA 	Mouse:  Left button up, pos=(489,292)
97.0845 	DATA 	Keypress: 5
99.6173 	DATA 	Mouse: Left button down, pos=(398,83)
99.6282 	EXP 	text_answer_block: autoDraw = False
99.6282 	EXP 	textbox_answer_block1: autoDraw = False
99.6282 	EXP 	textbox_answer_block2: autoDraw = False
99.6282 	EXP 	textbox_answer_block3: autoDraw = False
99.6282 	EXP 	button_answer_block: autoDraw = False
99.6282 	EXP 	text_refresh: autoDraw = True
99.6918 	DATA 	Mouse:  Left button up, pos=(398,83)
99.8301 	INFO 	Keyboard events cleared
99.8298 	EXP 	text_refresh: autoDraw = False
99.8298 	EXP 	text_refresh: autoDraw = False
99.8298 	EXP 	text_feedback_block: height = 0.05
99.8298 	EXP 	text_feedback_block: height = 0.05
99.8298 	EXP 	text_feedback_block: height = 0.05
99.8298 	EXP 	text_feedback_block: text = '你答对了2种表情的面孔数目。'
99.8298 	EXP 	text_feedback_block: autoDraw = True
99.8298 	EXP 	text_feedback_block_note: autoDraw = True
100.7959 	DATA 	Keypress: space
100.7988 	EXP 	text_feedback_block: autoDraw = False
100.7988 	EXP 	text_feedback_block_note: autoDraw = False
100.7988 	EXP 	text_refresh: autoDraw = True
101.0039 	INFO 	Keyboard events cleared
101.0037 	EXP 	text_refresh: autoDraw = False
101.0037 	EXP 	text_refresh: autoDraw = False
101.0037 	EXP 	text_continue_check_block: text = ''
101.0037 	EXP 	text_continue_check_block: height = 0.05
101.0037 	EXP 	text_continue_check_block: height = 0.05
101.0037 	EXP 	text_continue_check_block: height = 0.05
101.0037 	EXP 	text_continue_check_block: text = '如果您觉得累了，可以休息一会儿。'
101.0037 	EXP 	text_continue_check_block: autoDraw = True
101.0037 	EXP 	text_continue_prompt: autoDraw = True
102.2624 	DATA 	Keypress: space
102.2652 	EXP 	text_continue_check_block: autoDraw = False
102.2652 	EXP 	text_continue_prompt: autoDraw = False
102.2652 	EXP 	text_refresh: autoDraw = True
102.4588 	EXP 	New trial (rep=0, index=1): <Trial 1 (1 in rep 0) data={'block_file': 'block_2.xlsx', 'correct_answer': 666, 'thisN': 1, 'thisTrialN': 1, 'thisRepN': 0}>
102.4609 	EXP 	text_refresh: autoDraw = False
102.4609 	EXP 	text_refresh: autoDraw = False
102.4609 	EXP 	text_fixation: autoDraw = True
103.4529 	DEBUG 	Read excel file with openpyxl: block_2.xlsx
103.4550 	EXP 	Imported block_2.xlsx as conditions, 18 conditions, 10 params
103.4552 	EXP 	New trial (rep=0, index=0): <Trial 0 (0 in rep 0) data={'stimuli_no': 1, 'stimulus': 'faces/HAF8.bmp', 'valence': 'happy', 'sex': 'female', 'switch_condition': 'begin', 'BI_condition': 'nonBI', 'minus1_valence': 'non', 'minus2_valence': 'non', 'switch_type': 'begin', 'BI_type': 'non', 'thisN': 0, 'thisTrialN': 0, 'thisRepN': 0}>
103.4596 	INFO 	Keyboard events cleared
103.4594 	EXP 	text_fixation: autoDraw = False
103.4594 	EXP 	text_fixation: autoDraw = False
103.4594 	EXP 	image_block: image = 'faces/HAF8.bmp'
103.4594 	EXP 	image_block: autoDraw = True
103.9907 	EXP 	image_block: autoDraw = False
103.9907 	EXP 	text_refresh: autoDraw = True
103.9939 	DATA 	Keypress: space
104.1759 	EXP 	New trial (rep=0, index=1): <Trial 1 (1 in rep 0) data={'stimuli_no': 2, 'stimulus': 'faces/NEF66.bmp', 'valence': 'neutral', 'sex': 'female', 'switch_condition': 's', 'BI_condition': 'nonBI', 'minus1_valence': 'happy', 'minus2_valence': 'non', 'switch_type': 'hn', 'BI_type': 'hns1', 'thisN': 1, 'thisTrialN': 1, 'thisRepN': 0}>
104.1864 	INFO 	Keyboard events cleared
104.1861 	EXP 	text_refresh: autoDraw = False
104.1861 	EXP 	text_refresh: autoDraw = False
104.1861 	EXP 	image_block: image = 'faces/NEF66.bmp'
104.1861 	EXP 	image_block: autoDraw = True
104.4645 	DATA 	Keypress: space
104.4740 	EXP 	image_block: autoDraw = False
104.4740 	EXP 	text_refresh: autoDraw = True
104.6594 	EXP 	New trial (rep=0, index=2): <Trial 2 (2 in rep 0) data={'stimuli_no': 3, 'stimulus': 'faces/SAM30.bmp', 'valence': 'sad', 'sex': 'male', 'switch_condition': 's', 'BI_condition': 'control', 'minus1_valence': 'neutral', 'minus2_valence': 'happy', 'switch_type': 'ns', 'BI_type': 'hns', 'thisN': 2, 'thisTrialN': 2, 'thisRepN': 0}>
104.6735 	INFO 	Keyboard events cleared
104.6733 	EXP 	text_refresh: autoDraw = False
104.6733 	EXP 	text_refresh: autoDraw = False
104.6733 	EXP 	image_block: image = 'faces/SAM30.bmp'
104.6733 	EXP 	image_block: autoDraw = True
104.9457 	EXP 	image_block: autoDraw = False
104.9457 	EXP 	text_refresh: autoDraw = True
104.9494 	DATA 	Keypress: space
105.1422 	EXP 	New trial (rep=0, index=3): <Trial 3 (3 in rep 0) data={'stimuli_no': 4, 'stimulus': 'faces/SAF33.bmp', 'valence': 'sad', 'sex': 'female', 'switch_condition': 'ns', 'BI_condition': 'nonBI', 'minus1_valence': 'sad', 'minus2_valence': 'neutral', 'switch_type': 'ss', 'BI_type': 'non', 'thisN': 3, 'thisTrialN': 3, 'thisRepN': 0}>
105.1482 	INFO 	Keyboard events cleared
105.1480 	EXP 	text_refresh: autoDraw = False
105.1480 	EXP 	text_refresh: autoDraw = False
105.1480 	EXP 	image_block: image = 'faces/SAF33.bmp'
105.1480 	EXP 	image_block: autoDraw = True
106.0573 	DATA 	Keypress: escape
106.0959 	EXP 	TIST: status = STOPPED
106.1076 	EXP 	image_block: autoDraw = False
106.1086 	EXP 	TIST: status = STOPPED
106.1217 	INFO 	saved data to '/Users/Chenxiao/Documents/project_codes/TIST_stable_v1/data/875190_TIST_2025-08-01_17h49.04.962.csv'
106.1234 	INFO 	saved data to /Users/Chenxiao/Documents/project_codes/TIST_stable_v1/data/875190_TIST_2025-08-01_17h49.04.962.psydat
106.4035 	DEBUG 	Saving data for TIST ExperimentHandler
